{"C:\\Users\\RedLefty\\aa\\Fyt\\fytProject\\App.js": {"path":"C:\\Users\\RedLefty\\aa\\Fyt\\fytProject\\App.js","statementMap":{"0":{"start":{"line":7,"column":0},"end":{"line":7,"column":32}},"1":{"start":{"line":9,"column":15},"end":{"line":16,"column":2}},"2":{"start":{"line":20,"column":4},"end":{"line":20,"column":17}},"3":{"start":{"line":21,"column":4},"end":{"line":21,"column":35}},"4":{"start":{"line":22,"column":4},"end":{"line":22,"column":51}},"5":{"start":{"line":25,"column":4},"end":{"line":29,"column":7}},"6":{"start":{"line":30,"column":4},"end":{"line":30,"column":38}},"7":{"start":{"line":33,"column":4},"end":{"line":41,"column":5}},"8":{"start":{"line":34,"column":6},"end":{"line":34,"column":33}},"9":{"start":{"line":36,"column":6},"end":{"line":40,"column":8}}},"fnMap":{"0":{"name":"(anonymous_0)","decl":{"start":{"line":19,"column":2},"end":{"line":19,"column":3}},"loc":{"start":{"line":19,"column":21},"end":{"line":23,"column":3}},"line":19},"1":{"name":"(anonymous_1)","decl":{"start":{"line":24,"column":2},"end":{"line":24,"column":3}},"loc":{"start":{"line":24,"column":29},"end":{"line":31,"column":3}},"line":24},"2":{"name":"(anonymous_2)","decl":{"start":{"line":32,"column":2},"end":{"line":32,"column":3}},"loc":{"start":{"line":32,"column":11},"end":{"line":42,"column":3}},"line":32}},"branchMap":{"0":{"loc":{"start":{"line":33,"column":4},"end":{"line":41,"column":5}},"type":"if","locations":[{"start":{"line":33,"column":4},"end":{"line":41,"column":5}},{"start":{"line":33,"column":4},"end":{"line":41,"column":5}}],"line":33}},"s":{"0":1,"1":1,"2":1,"3":1,"4":1,"5":1,"6":0,"7":1,"8":1,"9":0},"f":{"0":1,"1":1,"2":1},"b":{"0":[1,0]},"_coverageSchema":"332fd63041d2c1bcb487cc26dd0d5f7d97098a6c","hash":"7935e257d8cd546889fdc4e8c98a5fb0eb3acaea"}
,"C:\\Users\\RedLefty\\aa\\Fyt\\fytProject\\store.js": {"path":"C:\\Users\\RedLefty\\aa\\Fyt\\fytProject\\store.js","statementMap":{"0":{"start":{"line":8,"column":19},"end":{"line":8,"column":26}},"1":{"start":{"line":10,"column":20},"end":{"line":10,"column":57}},"2":{"start":{"line":12,"column":0},"end":{"line":22,"column":1}},"3":{"start":{"line":14,"column":4},"end":{"line":14,"column":58}},"4":{"start":{"line":15,"column":2},"end":{"line":18,"column":4}},"5":{"start":{"line":20,"column":2},"end":{"line":20,"column":67}},"6":{"start":{"line":21,"column":2},"end":{"line":21,"column":23}}},"fnMap":{},"branchMap":{"0":{"loc":{"start":{"line":12,"column":0},"end":{"line":22,"column":1}},"type":"if","locations":[{"start":{"line":12,"column":0},"end":{"line":22,"column":1}},{"start":{"line":12,"column":0},"end":{"line":22,"column":1}}],"line":12},"1":{"loc":{"start":{"line":14,"column":4},"end":{"line":14,"column":58}},"type":"binary-expr","locations":[{"start":{"line":14,"column":4},"end":{"line":14,"column":47}},{"start":{"line":14,"column":51},"end":{"line":14,"column":58}}],"line":14}},"s":{"0":1,"1":1,"2":1,"3":0,"4":0,"5":1,"6":1},"f":{},"b":{"0":[0,1],"1":[0,0]},"_coverageSchema":"332fd63041d2c1bcb487cc26dd0d5f7d97098a6c","hash":"9177a612c9071b816516de3598db39c43ddba8bb"}
,"C:\\Users\\RedLefty\\aa\\Fyt\\fytProject\\actions\\ProfileActions.js": {"path":"C:\\Users\\RedLefty\\aa\\Fyt\\fytProject\\actions\\ProfileActions.js","statementMap":{"0":{"start":{"line":1,"column":28},"end":{"line":8,"column":1}},"1":{"start":{"line":2,"column":2},"end":{"line":7,"column":4}},"2":{"start":{"line":10,"column":28},"end":{"line":17,"column":1}},"3":{"start":{"line":11,"column":2},"end":{"line":16,"column":4}},"4":{"start":{"line":19,"column":25},"end":{"line":26,"column":1}},"5":{"start":{"line":20,"column":2},"end":{"line":25,"column":4}},"6":{"start":{"line":28,"column":28},"end":{"line":35,"column":1}},"7":{"start":{"line":29,"column":2},"end":{"line":34,"column":4}}},"fnMap":{"0":{"name":"(anonymous_0)","decl":{"start":{"line":1,"column":28},"end":{"line":1,"column":29}},"loc":{"start":{"line":1,"column":38},"end":{"line":8,"column":1}},"line":1},"1":{"name":"(anonymous_1)","decl":{"start":{"line":10,"column":28},"end":{"line":10,"column":29}},"loc":{"start":{"line":10,"column":38},"end":{"line":17,"column":1}},"line":10},"2":{"name":"(anonymous_2)","decl":{"start":{"line":19,"column":25},"end":{"line":19,"column":26}},"loc":{"start":{"line":19,"column":32},"end":{"line":26,"column":1}},"line":19},"3":{"name":"(anonymous_3)","decl":{"start":{"line":28,"column":28},"end":{"line":28,"column":29}},"loc":{"start":{"line":28,"column":38},"end":{"line":35,"column":1}},"line":28}},"branchMap":{},"s":{"0":1,"1":0,"2":1,"3":0,"4":1,"5":0,"6":1,"7":0},"f":{"0":0,"1":0,"2":0,"3":0},"b":{},"_coverageSchema":"332fd63041d2c1bcb487cc26dd0d5f7d97098a6c","hash":"ec340e8869d2bd3cb508bf31ddddddc8ff8d314e"}
,"C:\\Users\\RedLefty\\aa\\Fyt\\fytProject\\actions\\WorkoutActions.js": {"path":"C:\\Users\\RedLefty\\aa\\Fyt\\fytProject\\actions\\WorkoutActions.js","statementMap":{"0":{"start":{"line":7,"column":23},"end":{"line":19,"column":1}},"1":{"start":{"line":8,"column":2},"end":{"line":18,"column":4}},"2":{"start":{"line":9,"column":4},"end":{"line":17,"column":7}},"3":{"start":{"line":21,"column":41},"end":{"line":31,"column":1}},"4":{"start":{"line":22,"column":2},"end":{"line":30,"column":4}},"5":{"start":{"line":23,"column":4},"end":{"line":29,"column":7}}},"fnMap":{"0":{"name":"(anonymous_0)","decl":{"start":{"line":7,"column":23},"end":{"line":7,"column":24}},"loc":{"start":{"line":7,"column":62},"end":{"line":19,"column":1}},"line":7},"1":{"name":"(anonymous_1)","decl":{"start":{"line":8,"column":9},"end":{"line":8,"column":10}},"loc":{"start":{"line":8,"column":21},"end":{"line":18,"column":3}},"line":8},"2":{"name":"(anonymous_2)","decl":{"start":{"line":21,"column":41},"end":{"line":21,"column":42}},"loc":{"start":{"line":21,"column":66},"end":{"line":31,"column":1}},"line":21},"3":{"name":"(anonymous_3)","decl":{"start":{"line":22,"column":9},"end":{"line":22,"column":10}},"loc":{"start":{"line":22,"column":21},"end":{"line":30,"column":3}},"line":22}},"branchMap":{},"s":{"0":1,"1":0,"2":0,"3":1,"4":0,"5":0},"f":{"0":0,"1":0,"2":0,"3":0},"b":{},"_coverageSchema":"332fd63041d2c1bcb487cc26dd0d5f7d97098a6c","hash":"385805811c9aefafc5d2fac598171e2b6736076e"}
,"C:\\Users\\RedLefty\\aa\\Fyt\\fytProject\\components\\EditSetMenu.js": {"path":"C:\\Users\\RedLefty\\aa\\Fyt\\fytProject\\components\\EditSetMenu.js","statementMap":{"0":{"start":{"line":8,"column":13},"end":{"line":8,"column":24}},"1":{"start":{"line":12,"column":23},"end":{"line":15,"column":2}},"2":{"start":{"line":19,"column":4},"end":{"line":45,"column":6}},"3":{"start":{"line":26,"column":12},"end":{"line":26,"column":45}},"4":{"start":{"line":27,"column":12},"end":{"line":27,"column":24}},"5":{"start":{"line":31,"column":25},"end":{"line":31,"column":43}},"6":{"start":{"line":38,"column":14},"end":{"line":38,"column":66}},"7":{"start":{"line":39,"column":14},"end":{"line":39,"column":47}},"8":{"start":{"line":40,"column":14},"end":{"line":40,"column":26}},"9":{"start":{"line":49,"column":15},"end":{"line":49,"column":36}},"10":{"start":{"line":52,"column":2},"end":{"line":52,"column":15}},"11":{"start":{"line":56,"column":2},"end":{"line":56,"column":60}}},"fnMap":{"0":{"name":"(anonymous_0)","decl":{"start":{"line":18,"column":2},"end":{"line":18,"column":3}},"loc":{"start":{"line":18,"column":11},"end":{"line":46,"column":3}},"line":18},"1":{"name":"(anonymous_1)","decl":{"start":{"line":25,"column":26},"end":{"line":25,"column":27}},"loc":{"start":{"line":25,"column":32},"end":{"line":28,"column":11}},"line":25},"2":{"name":"(anonymous_2)","decl":{"start":{"line":31,"column":17},"end":{"line":31,"column":18}},"loc":{"start":{"line":31,"column":25},"end":{"line":31,"column":43}},"line":31},"3":{"name":"(anonymous_3)","decl":{"start":{"line":37,"column":21},"end":{"line":37,"column":22}},"loc":{"start":{"line":37,"column":27},"end":{"line":41,"column":13}},"line":37},"4":{"name":"mapStateToProps","decl":{"start":{"line":51,"column":9},"end":{"line":51,"column":24}},"loc":{"start":{"line":51,"column":32},"end":{"line":53,"column":1}},"line":51},"5":{"name":"matchDispatchToProps","decl":{"start":{"line":55,"column":9},"end":{"line":55,"column":29}},"loc":{"start":{"line":55,"column":40},"end":{"line":57,"column":1}},"line":55}},"branchMap":{},"s":{"0":1,"1":1,"2":0,"3":0,"4":0,"5":0,"6":0,"7":0,"8":0,"9":1,"10":0,"11":0},"f":{"0":0,"1":0,"2":0,"3":0,"4":0,"5":0},"b":{},"_coverageSchema":"332fd63041d2c1bcb487cc26dd0d5f7d97098a6c","hash":"eab756867d865a35e6c10de41d2e82c2d589a2bd"}
,"C:\\Users\\RedLefty\\aa\\Fyt\\fytProject\\components\\ExercisePanel.js": {"path":"C:\\Users\\RedLefty\\aa\\Fyt\\fytProject\\components\\ExercisePanel.js","statementMap":{"0":{"start":{"line":7,"column":15},"end":{"line":18,"column":2}},"1":{"start":{"line":22,"column":4},"end":{"line":22,"column":19}},"2":{"start":{"line":23,"column":4},"end":{"line":33,"column":5}},"3":{"start":{"line":25,"column":8},"end":{"line":30,"column":10}},"4":{"start":{"line":32,"column":6},"end":{"line":32,"column":31}},"5":{"start":{"line":34,"column":4},"end":{"line":34,"column":21}},"6":{"start":{"line":38,"column":4},"end":{"line":47,"column":6}}},"fnMap":{"0":{"name":"(anonymous_0)","decl":{"start":{"line":21,"column":2},"end":{"line":21,"column":3}},"loc":{"start":{"line":21,"column":20},"end":{"line":35,"column":3}},"line":21},"1":{"name":"(anonymous_1)","decl":{"start":{"line":37,"column":2},"end":{"line":37,"column":3}},"loc":{"start":{"line":37,"column":11},"end":{"line":48,"column":3}},"line":37}},"branchMap":{},"s":{"0":1,"1":0,"2":0,"3":0,"4":0,"5":0,"6":0},"f":{"0":0,"1":0},"b":{},"_coverageSchema":"332fd63041d2c1bcb487cc26dd0d5f7d97098a6c","hash":"430ef8690cb277328ad33dab3010d895d92f783f"}
,"C:\\Users\\RedLefty\\aa\\Fyt\\fytProject\\components\\Set.js": {"path":"C:\\Users\\RedLefty\\aa\\Fyt\\fytProject\\components\\Set.js","statementMap":{"0":{"start":{"line":13,"column":15},"end":{"line":32,"column":2}},"1":{"start":{"line":42,"column":4},"end":{"line":89,"column":6}},"2":{"start":{"line":55,"column":12},"end":{"line":55,"column":45}},"3":{"start":{"line":61,"column":16},"end":{"line":64,"column":17}}},"fnMap":{"0":{"name":"(anonymous_0)","decl":{"start":{"line":41,"column":2},"end":{"line":41,"column":3}},"loc":{"start":{"line":41,"column":11},"end":{"line":90,"column":3}},"line":41},"1":{"name":"(anonymous_1)","decl":{"start":{"line":54,"column":19},"end":{"line":54,"column":20}},"loc":{"start":{"line":54,"column":25},"end":{"line":56,"column":11}},"line":54},"2":{"name":"(anonymous_2)","decl":{"start":{"line":60,"column":23},"end":{"line":60,"column":24}},"loc":{"start":{"line":61,"column":16},"end":{"line":64,"column":17}},"line":61}},"branchMap":{},"s":{"0":1,"1":0,"2":0,"3":0},"f":{"0":0,"1":0,"2":0},"b":{},"_coverageSchema":"332fd63041d2c1bcb487cc26dd0d5f7d97098a6c","hash":"a92cc3e29a85e4ef717c045de619bf881f5d566f"}
,"C:\\Users\\RedLefty\\aa\\Fyt\\fytProject\\components\\WorkoutList.js": {"path":"C:\\Users\\RedLefty\\aa\\Fyt\\fytProject\\components\\WorkoutList.js","statementMap":{"0":{"start":{"line":9,"column":15},"end":{"line":18,"column":2}},"1":{"start":{"line":24,"column":4},"end":{"line":24,"column":24}},"2":{"start":{"line":25,"column":4},"end":{"line":34,"column":5}},"3":{"start":{"line":27,"column":8},"end":{"line":31,"column":10}},"4":{"start":{"line":33,"column":6},"end":{"line":33,"column":41}},"5":{"start":{"line":35,"column":4},"end":{"line":35,"column":26}},"6":{"start":{"line":39,"column":21},"end":{"line":39,"column":42}},"7":{"start":{"line":40,"column":4},"end":{"line":50,"column":6}}},"fnMap":{"0":{"name":"(anonymous_0)","decl":{"start":{"line":23,"column":2},"end":{"line":23,"column":3}},"loc":{"start":{"line":23,"column":25},"end":{"line":36,"column":3}},"line":23},"1":{"name":"(anonymous_1)","decl":{"start":{"line":38,"column":2},"end":{"line":38,"column":3}},"loc":{"start":{"line":38,"column":11},"end":{"line":51,"column":3}},"line":38}},"branchMap":{},"s":{"0":1,"1":0,"2":0,"3":0,"4":0,"5":0,"6":0,"7":0},"f":{"0":0,"1":0},"b":{},"_coverageSchema":"332fd63041d2c1bcb487cc26dd0d5f7d97098a6c","hash":"e1178ec12abf18896a48af202aaf9f011282c72e"}
,"C:\\Users\\RedLefty\\aa\\Fyt\\fytProject\\components\\Navigation\\DrawerNav.js": {"path":"C:\\Users\\RedLefty\\aa\\Fyt\\fytProject\\components\\Navigation\\DrawerNav.js","statementMap":{"0":{"start":{"line":16,"column":31},"end":{"line":16,"column":53}}},"fnMap":{"0":{"name":"(anonymous_0)","decl":{"start":{"line":16,"column":22},"end":{"line":16,"column":23}},"loc":{"start":{"line":16,"column":31},"end":{"line":16,"column":53}},"line":16}},"branchMap":{},"s":{"0":0},"f":{"0":0},"b":{},"_coverageSchema":"332fd63041d2c1bcb487cc26dd0d5f7d97098a6c","hash":"4fb5d48a505e225e1d5bef42ca2ccc045f9854d6"}
,"C:\\Users\\RedLefty\\aa\\Fyt\\fytProject\\components\\Navigation\\Head.js": {"path":"C:\\Users\\RedLefty\\aa\\Fyt\\fytProject\\components\\Navigation\\Head.js","statementMap":{"0":{"start":{"line":19,"column":4},"end":{"line":36,"column":6}},"1":{"start":{"line":25,"column":29},"end":{"line":25,"column":73}}},"fnMap":{"0":{"name":"(anonymous_0)","decl":{"start":{"line":18,"column":2},"end":{"line":18,"column":3}},"loc":{"start":{"line":18,"column":11},"end":{"line":37,"column":3}},"line":18},"1":{"name":"(anonymous_1)","decl":{"start":{"line":25,"column":23},"end":{"line":25,"column":24}},"loc":{"start":{"line":25,"column":29},"end":{"line":25,"column":73}},"line":25}},"branchMap":{},"s":{"0":0,"1":0},"f":{"0":0,"1":0},"b":{},"_coverageSchema":"332fd63041d2c1bcb487cc26dd0d5f7d97098a6c","hash":"f031e0bccd8238b2c5e92417feb5573cd7622ceb"}
,"C:\\Users\\RedLefty\\aa\\Fyt\\fytProject\\components\\Navigation\\SideBar.js": {"path":"C:\\Users\\RedLefty\\aa\\Fyt\\fytProject\\components\\Navigation\\SideBar.js","statementMap":{"0":{"start":{"line":6,"column":15},"end":{"line":6,"column":78}},"1":{"start":{"line":9,"column":4},"end":{"line":27,"column":6}},"2":{"start":{"line":15,"column":14},"end":{"line":22,"column":16}},"3":{"start":{"line":18,"column":33},"end":{"line":18,"column":72}}},"fnMap":{"0":{"name":"(anonymous_0)","decl":{"start":{"line":8,"column":2},"end":{"line":8,"column":3}},"loc":{"start":{"line":8,"column":11},"end":{"line":28,"column":3}},"line":8},"1":{"name":"(anonymous_1)","decl":{"start":{"line":14,"column":23},"end":{"line":14,"column":24}},"loc":{"start":{"line":14,"column":31},"end":{"line":23,"column":13}},"line":14},"2":{"name":"(anonymous_2)","decl":{"start":{"line":18,"column":27},"end":{"line":18,"column":28}},"loc":{"start":{"line":18,"column":33},"end":{"line":18,"column":72}},"line":18}},"branchMap":{},"s":{"0":1,"1":0,"2":0,"3":0},"f":{"0":0,"1":0,"2":0},"b":{},"_coverageSchema":"332fd63041d2c1bcb487cc26dd0d5f7d97098a6c","hash":"521e0b89ff74e14b0d616023e3c87b6fcf9a07d3"}
,"C:\\Users\\RedLefty\\aa\\Fyt\\fytProject\\components\\Navigation\\TabNav.js": {"path":"C:\\Users\\RedLefty\\aa\\Fyt\\fytProject\\components\\Navigation\\TabNav.js","statementMap":{"0":{"start":{"line":36,"column":6},"end":{"line":87,"column":8}},"1":{"start":{"line":43,"column":31},"end":{"line":43,"column":64}},"2":{"start":{"line":54,"column":31},"end":{"line":54,"column":64}},"3":{"start":{"line":65,"column":31},"end":{"line":65,"column":64}},"4":{"start":{"line":76,"column":31},"end":{"line":76,"column":64}}},"fnMap":{"0":{"name":"(anonymous_0)","decl":{"start":{"line":35,"column":21},"end":{"line":35,"column":22}},"loc":{"start":{"line":35,"column":30},"end":{"line":88,"column":5}},"line":35},"1":{"name":"(anonymous_1)","decl":{"start":{"line":43,"column":25},"end":{"line":43,"column":26}},"loc":{"start":{"line":43,"column":31},"end":{"line":43,"column":64}},"line":43},"2":{"name":"(anonymous_2)","decl":{"start":{"line":54,"column":25},"end":{"line":54,"column":26}},"loc":{"start":{"line":54,"column":31},"end":{"line":54,"column":64}},"line":54},"3":{"name":"(anonymous_3)","decl":{"start":{"line":65,"column":25},"end":{"line":65,"column":26}},"loc":{"start":{"line":65,"column":31},"end":{"line":65,"column":64}},"line":65},"4":{"name":"(anonymous_4)","decl":{"start":{"line":76,"column":25},"end":{"line":76,"column":26}},"loc":{"start":{"line":76,"column":31},"end":{"line":76,"column":64}},"line":76}},"branchMap":{},"s":{"0":0,"1":0,"2":0,"3":0,"4":0},"f":{"0":0,"1":0,"2":0,"3":0,"4":0},"b":{},"_coverageSchema":"332fd63041d2c1bcb487cc26dd0d5f7d97098a6c","hash":"e05d71648b3259162b3b865d12ab2e57d7c01818"}
,"C:\\Users\\RedLefty\\aa\\Fyt\\fytProject\\components\\Playlist\\Controls.js": {"path":"C:\\Users\\RedLefty\\aa\\Fyt\\fytProject\\components\\Playlist\\Controls.js","statementMap":{"0":{"start":{"line":5,"column":15},"end":{"line":41,"column":2}},"1":{"start":{"line":45,"column":4},"end":{"line":45,"column":17}},"2":{"start":{"line":49,"column":4},"end":{"line":69,"column":6}}},"fnMap":{"0":{"name":"(anonymous_0)","decl":{"start":{"line":44,"column":2},"end":{"line":44,"column":3}},"loc":{"start":{"line":44,"column":21},"end":{"line":46,"column":3}},"line":44},"1":{"name":"(anonymous_1)","decl":{"start":{"line":48,"column":2},"end":{"line":48,"column":3}},"loc":{"start":{"line":48,"column":11},"end":{"line":70,"column":3}},"line":48}},"branchMap":{},"s":{"0":1,"1":0,"2":0},"f":{"0":0,"1":0},"b":{},"_coverageSchema":"332fd63041d2c1bcb487cc26dd0d5f7d97098a6c","hash":"bf48f6039c2a17a3d9c93a8ad6bfe1fa64775de9"}
,"C:\\Users\\RedLefty\\aa\\Fyt\\fytProject\\components\\Playlist\\Playlist.js": {"path":"C:\\Users\\RedLefty\\aa\\Fyt\\fytProject\\components\\Playlist\\Playlist.js","statementMap":{"0":{"start":{"line":18,"column":15},"end":{"line":26,"column":2}},"1":{"start":{"line":30,"column":4},"end":{"line":30,"column":17}},"2":{"start":{"line":34,"column":21},"end":{"line":34,"column":42}},"3":{"start":{"line":35,"column":4},"end":{"line":40,"column":6}}},"fnMap":{"0":{"name":"(anonymous_0)","decl":{"start":{"line":29,"column":2},"end":{"line":29,"column":3}},"loc":{"start":{"line":29,"column":21},"end":{"line":31,"column":3}},"line":29},"1":{"name":"(anonymous_1)","decl":{"start":{"line":33,"column":2},"end":{"line":33,"column":3}},"loc":{"start":{"line":33,"column":11},"end":{"line":41,"column":3}},"line":33}},"branchMap":{},"s":{"0":1,"1":0,"2":0,"3":0},"f":{"0":0,"1":0},"b":{},"_coverageSchema":"332fd63041d2c1bcb487cc26dd0d5f7d97098a6c","hash":"7dbb33b1d81e75d9cb72b157897c0a04c0933d2c"}
,"C:\\Users\\RedLefty\\aa\\Fyt\\fytProject\\components\\Profile\\Profile.js": {"path":"C:\\Users\\RedLefty\\aa\\Fyt\\fytProject\\components\\Profile\\Profile.js","statementMap":{"0":{"start":{"line":10,"column":15},"end":{"line":10,"column":39}},"1":{"start":{"line":11,"column":15},"end":{"line":53,"column":2}},"2":{"start":{"line":57,"column":21},"end":{"line":57,"column":42}},"3":{"start":{"line":58,"column":4},"end":{"line":88,"column":6}},"4":{"start":{"line":73,"column":14},"end":{"line":83,"column":21}},"5":{"start":{"line":93,"column":2},"end":{"line":100,"column":4}}},"fnMap":{"0":{"name":"(anonymous_0)","decl":{"start":{"line":56,"column":2},"end":{"line":56,"column":3}},"loc":{"start":{"line":56,"column":11},"end":{"line":89,"column":3}},"line":56},"1":{"name":"(anonymous_1)","decl":{"start":{"line":72,"column":24},"end":{"line":72,"column":25}},"loc":{"start":{"line":73,"column":14},"end":{"line":83,"column":21}},"line":73},"2":{"name":"mapStateToProps","decl":{"start":{"line":92,"column":9},"end":{"line":92,"column":24}},"loc":{"start":{"line":92,"column":32},"end":{"line":101,"column":1}},"line":92}},"branchMap":{},"s":{"0":1,"1":1,"2":0,"3":0,"4":0,"5":0},"f":{"0":0,"1":0,"2":0},"b":{},"_coverageSchema":"332fd63041d2c1bcb487cc26dd0d5f7d97098a6c","hash":"9549297c882a5b0b149e4f001cb74f0fb693ad8a"}
,"C:\\Users\\RedLefty\\aa\\Fyt\\fytProject\\components\\SampleScreens\\Diet.js": {"path":"C:\\Users\\RedLefty\\aa\\Fyt\\fytProject\\components\\SampleScreens\\Diet.js","statementMap":{"0":{"start":{"line":8,"column":15},"end":{"line":13,"column":2}},"1":{"start":{"line":17,"column":21},"end":{"line":17,"column":42}},"2":{"start":{"line":18,"column":4},"end":{"line":27,"column":6}}},"fnMap":{"0":{"name":"(anonymous_0)","decl":{"start":{"line":16,"column":2},"end":{"line":16,"column":3}},"loc":{"start":{"line":16,"column":11},"end":{"line":28,"column":3}},"line":16}},"branchMap":{},"s":{"0":1,"1":0,"2":0},"f":{"0":0},"b":{},"_coverageSchema":"332fd63041d2c1bcb487cc26dd0d5f7d97098a6c","hash":"3ff021fe14ce7b5b5ae8b3b1874e1875b68c5e6f"}
,"C:\\Users\\RedLefty\\aa\\Fyt\\fytProject\\components\\SampleScreens\\SettingsScreen.js": {"path":"C:\\Users\\RedLefty\\aa\\Fyt\\fytProject\\components\\SampleScreens\\SettingsScreen.js","statementMap":{"0":{"start":{"line":10,"column":15},"end":{"line":15,"column":2}},"1":{"start":{"line":19,"column":21},"end":{"line":19,"column":42}},"2":{"start":{"line":20,"column":4},"end":{"line":35,"column":6}},"3":{"start":{"line":28,"column":37},"end":{"line":28,"column":75}}},"fnMap":{"0":{"name":"(anonymous_0)","decl":{"start":{"line":18,"column":2},"end":{"line":18,"column":3}},"loc":{"start":{"line":18,"column":11},"end":{"line":36,"column":3}},"line":18},"1":{"name":"(anonymous_1)","decl":{"start":{"line":28,"column":31},"end":{"line":28,"column":32}},"loc":{"start":{"line":28,"column":37},"end":{"line":28,"column":75}},"line":28}},"branchMap":{},"s":{"0":1,"1":0,"2":0,"3":0},"f":{"0":0,"1":0},"b":{},"_coverageSchema":"332fd63041d2c1bcb487cc26dd0d5f7d97098a6c","hash":"0f7faa8a17fc42bdfa122e5796cce5db0afc9faf"}
,"C:\\Users\\RedLefty\\aa\\Fyt\\fytProject\\components\\SampleScreens\\UpdateProfile.js": {"path":"C:\\Users\\RedLefty\\aa\\Fyt\\fytProject\\components\\SampleScreens\\UpdateProfile.js","statementMap":{"0":{"start":{"line":24,"column":15},"end":{"line":64,"column":2}},"1":{"start":{"line":68,"column":21},"end":{"line":68,"column":42}},"2":{"start":{"line":69,"column":4},"end":{"line":155,"column":6}},"3":{"start":{"line":81,"column":40},"end":{"line":81,"column":69}},"4":{"start":{"line":99,"column":40},"end":{"line":99,"column":69}},"5":{"start":{"line":117,"column":40},"end":{"line":117,"column":66}},"6":{"start":{"line":135,"column":40},"end":{"line":135,"column":69}},"7":{"start":{"line":148,"column":37},"end":{"line":148,"column":75}},"8":{"start":{"line":159,"column":24},"end":{"line":166,"column":1}},"9":{"start":{"line":160,"column":2},"end":{"line":165,"column":4}},"10":{"start":{"line":168,"column":27},"end":{"line":175,"column":1}},"11":{"start":{"line":169,"column":2},"end":{"line":174,"column":4}},"12":{"start":{"line":170,"column":25},"end":{"line":170,"column":52}},"13":{"start":{"line":171,"column":25},"end":{"line":171,"column":52}},"14":{"start":{"line":172,"column":22},"end":{"line":172,"column":46}},"15":{"start":{"line":173,"column":25},"end":{"line":173,"column":52}}},"fnMap":{"0":{"name":"(anonymous_0)","decl":{"start":{"line":67,"column":2},"end":{"line":67,"column":3}},"loc":{"start":{"line":67,"column":11},"end":{"line":156,"column":3}},"line":67},"1":{"name":"(anonymous_1)","decl":{"start":{"line":81,"column":32},"end":{"line":81,"column":33}},"loc":{"start":{"line":81,"column":40},"end":{"line":81,"column":69}},"line":81},"2":{"name":"(anonymous_2)","decl":{"start":{"line":99,"column":32},"end":{"line":99,"column":33}},"loc":{"start":{"line":99,"column":40},"end":{"line":99,"column":69}},"line":99},"3":{"name":"(anonymous_3)","decl":{"start":{"line":117,"column":32},"end":{"line":117,"column":33}},"loc":{"start":{"line":117,"column":40},"end":{"line":117,"column":66}},"line":117},"4":{"name":"(anonymous_4)","decl":{"start":{"line":135,"column":32},"end":{"line":135,"column":33}},"loc":{"start":{"line":135,"column":40},"end":{"line":135,"column":69}},"line":135},"5":{"name":"(anonymous_5)","decl":{"start":{"line":148,"column":31},"end":{"line":148,"column":32}},"loc":{"start":{"line":148,"column":37},"end":{"line":148,"column":75}},"line":148},"6":{"name":"(anonymous_6)","decl":{"start":{"line":159,"column":24},"end":{"line":159,"column":25}},"loc":{"start":{"line":159,"column":33},"end":{"line":166,"column":1}},"line":159},"7":{"name":"(anonymous_7)","decl":{"start":{"line":168,"column":27},"end":{"line":168,"column":28}},"loc":{"start":{"line":168,"column":39},"end":{"line":175,"column":1}},"line":168},"8":{"name":"(anonymous_8)","decl":{"start":{"line":170,"column":18},"end":{"line":170,"column":19}},"loc":{"start":{"line":170,"column":25},"end":{"line":170,"column":52}},"line":170},"9":{"name":"(anonymous_9)","decl":{"start":{"line":171,"column":18},"end":{"line":171,"column":19}},"loc":{"start":{"line":171,"column":25},"end":{"line":171,"column":52}},"line":171},"10":{"name":"(anonymous_10)","decl":{"start":{"line":172,"column":15},"end":{"line":172,"column":16}},"loc":{"start":{"line":172,"column":22},"end":{"line":172,"column":46}},"line":172},"11":{"name":"(anonymous_11)","decl":{"start":{"line":173,"column":18},"end":{"line":173,"column":19}},"loc":{"start":{"line":173,"column":25},"end":{"line":173,"column":52}},"line":173}},"branchMap":{},"s":{"0":1,"1":0,"2":0,"3":0,"4":0,"5":0,"6":0,"7":0,"8":1,"9":0,"10":1,"11":0,"12":0,"13":0,"14":0,"15":0},"f":{"0":0,"1":0,"2":0,"3":0,"4":0,"5":0,"6":0,"7":0,"8":0,"9":0,"10":0,"11":0},"b":{},"_coverageSchema":"332fd63041d2c1bcb487cc26dd0d5f7d97098a6c","hash":"b795bf4b8e91dd9871480847cedfc294c20b5415"}
,"C:\\Users\\RedLefty\\aa\\Fyt\\fytProject\\components\\containers\\SetContainer.js": {"path":"C:\\Users\\RedLefty\\aa\\Fyt\\fytProject\\components\\containers\\SetContainer.js","statementMap":{"0":{"start":{"line":13,"column":4},"end":{"line":13,"column":17}},"1":{"start":{"line":14,"column":4},"end":{"line":17,"column":6}},"2":{"start":{"line":21,"column":4},"end":{"line":29,"column":5}},"3":{"start":{"line":22,"column":6},"end":{"line":24,"column":9}},"4":{"start":{"line":26,"column":6},"end":{"line":28,"column":9}},"5":{"start":{"line":30,"column":4},"end":{"line":30,"column":62}},"6":{"start":{"line":33,"column":4},"end":{"line":38,"column":6}},"7":{"start":{"line":42,"column":4},"end":{"line":44,"column":7}},"8":{"start":{"line":47,"column":4},"end":{"line":58,"column":6}},"9":{"start":{"line":63,"column":2},"end":{"line":63,"column":36}},"10":{"start":{"line":66,"column":2},"end":{"line":69,"column":4}}},"fnMap":{"0":{"name":"(anonymous_0)","decl":{"start":{"line":12,"column":2},"end":{"line":12,"column":3}},"loc":{"start":{"line":12,"column":21},"end":{"line":18,"column":3}},"line":12},"1":{"name":"(anonymous_1)","decl":{"start":{"line":20,"column":30},"end":{"line":20,"column":31}},"loc":{"start":{"line":20,"column":55},"end":{"line":31,"column":3}},"line":20},"2":{"name":"(anonymous_2)","decl":{"start":{"line":32,"column":21},"end":{"line":32,"column":22}},"loc":{"start":{"line":32,"column":34},"end":{"line":39,"column":3}},"line":32},"3":{"name":"(anonymous_3)","decl":{"start":{"line":41,"column":16},"end":{"line":41,"column":17}},"loc":{"start":{"line":41,"column":22},"end":{"line":45,"column":3}},"line":41},"4":{"name":"(anonymous_4)","decl":{"start":{"line":46,"column":2},"end":{"line":46,"column":3}},"loc":{"start":{"line":46,"column":11},"end":{"line":59,"column":3}},"line":46},"5":{"name":"mapStateToProps","decl":{"start":{"line":62,"column":9},"end":{"line":62,"column":24}},"loc":{"start":{"line":62,"column":32},"end":{"line":64,"column":1}},"line":62},"6":{"name":"matchDispatchToProps","decl":{"start":{"line":65,"column":9},"end":{"line":65,"column":29}},"loc":{"start":{"line":65,"column":40},"end":{"line":70,"column":1}},"line":65}},"branchMap":{"0":{"loc":{"start":{"line":21,"column":4},"end":{"line":29,"column":5}},"type":"if","locations":[{"start":{"line":21,"column":4},"end":{"line":29,"column":5}},{"start":{"line":21,"column":4},"end":{"line":29,"column":5}}],"line":21}},"s":{"0":0,"1":0,"2":0,"3":0,"4":0,"5":0,"6":0,"7":0,"8":0,"9":0,"10":0},"f":{"0":0,"1":0,"2":0,"3":0,"4":0,"5":0,"6":0},"b":{"0":[0,0]},"_coverageSchema":"332fd63041d2c1bcb487cc26dd0d5f7d97098a6c","hash":"935beb9abeef87dec82ac03cf70d34d4cd1b49fa"}
,"C:\\Users\\RedLefty\\aa\\Fyt\\fytProject\\components\\containers\\WorkoutContainer.js": {"path":"C:\\Users\\RedLefty\\aa\\Fyt\\fytProject\\components\\containers\\WorkoutContainer.js","statementMap":{"0":{"start":{"line":12,"column":4},"end":{"line":17,"column":6}},"1":{"start":{"line":22,"column":2},"end":{"line":22,"column":36}},"2":{"start":{"line":25,"column":2},"end":{"line":28,"column":4}}},"fnMap":{"0":{"name":"(anonymous_0)","decl":{"start":{"line":11,"column":2},"end":{"line":11,"column":3}},"loc":{"start":{"line":11,"column":11},"end":{"line":18,"column":3}},"line":11},"1":{"name":"mapStateToProps","decl":{"start":{"line":21,"column":9},"end":{"line":21,"column":24}},"loc":{"start":{"line":21,"column":32},"end":{"line":23,"column":1}},"line":21},"2":{"name":"matchDispatchToProps","decl":{"start":{"line":24,"column":9},"end":{"line":24,"column":29}},"loc":{"start":{"line":24,"column":40},"end":{"line":29,"column":1}},"line":24}},"branchMap":{},"s":{"0":0,"1":0,"2":0},"f":{"0":0,"1":0,"2":0},"b":{},"_coverageSchema":"332fd63041d2c1bcb487cc26dd0d5f7d97098a6c","hash":"2619472da8dcf5e2b536688c9180abba91d3d8e9"}
,"C:\\Users\\RedLefty\\aa\\Fyt\\fytProject\\config\\settings.js": {"path":"C:\\Users\\RedLefty\\aa\\Fyt\\fytProject\\config\\settings.js","statementMap":{"0":{"start":{"line":3,"column":29},"end":{"line":3,"column":34}},"1":{"start":{"line":4,"column":26},"end":{"line":4,"column":30}},"2":{"start":{"line":5,"column":24},"end":{"line":5,"column":34}},"3":{"start":{"line":6,"column":44},"end":{"line":6,"column":74}},"4":{"start":{"line":7,"column":23},"end":{"line":7,"column":32}},"5":{"start":{"line":8,"column":23},"end":{"line":8,"column":32}},"6":{"start":{"line":9,"column":29},"end":{"line":9,"column":60}},"7":{"start":{"line":10,"column":28},"end":{"line":10,"column":58}},"8":{"start":{"line":12,"column":29},"end":{"line":17,"column":1}},"9":{"start":{"line":18,"column":29},"end":{"line":70,"column":1}}},"fnMap":{},"branchMap":{},"s":{"0":1,"1":1,"2":1,"3":1,"4":1,"5":1,"6":1,"7":1,"8":1,"9":1},"f":{},"b":{},"_coverageSchema":"332fd63041d2c1bcb487cc26dd0d5f7d97098a6c","hash":"c20d16e1fe3bb51b3c42fef29a5b37bbffc1d3ee"}
,"C:\\Users\\RedLefty\\aa\\Fyt\\fytProject\\config\\styles.js": {"path":"C:\\Users\\RedLefty\\aa\\Fyt\\fytProject\\config\\styles.js","statementMap":{"0":{"start":{"line":4,"column":31},"end":{"line":4,"column":40}},"1":{"start":{"line":5,"column":27},"end":{"line":5,"column":36}},"2":{"start":{"line":6,"column":29},"end":{"line":6,"column":38}},"3":{"start":{"line":7,"column":26},"end":{"line":14,"column":2}}},"fnMap":{},"branchMap":{},"s":{"0":1,"1":1,"2":1,"3":1},"f":{},"b":{},"_coverageSchema":"332fd63041d2c1bcb487cc26dd0d5f7d97098a6c","hash":"fec3fbc86f3dca6fe9ec19dbc1d3a925e397e137"}
,"C:\\Users\\RedLefty\\aa\\Fyt\\fytProject\\native-base-theme\\components\\Badge.js": {"path":"C:\\Users\\RedLefty\\aa\\Fyt\\fytProject\\native-base-theme\\components\\Badge.js","statementMap":{"0":{"start":{"line":6,"column":21},"end":{"line":36,"column":3}},"1":{"start":{"line":37,"column":2},"end":{"line":37,"column":20}}},"fnMap":{"0":{"name":"(anonymous_0)","decl":{"start":{"line":5,"column":15},"end":{"line":5,"column":16}},"loc":{"start":{"line":5,"column":50},"end":{"line":38,"column":1}},"line":5}},"branchMap":{"0":{"loc":{"start":{"line":5,"column":16},"end":{"line":5,"column":45}},"type":"default-arg","locations":[{"start":{"line":5,"column":37},"end":{"line":5,"column":45}}],"line":5},"1":{"loc":{"start":{"line":33,"column":20},"end":{"line":33,"column":71}},"type":"cond-expr","locations":[{"start":{"line":33,"column":51},"end":{"line":33,"column":59}},{"start":{"line":33,"column":62},"end":{"line":33,"column":71}}],"line":33}},"s":{"0":0,"1":0},"f":{"0":0},"b":{"0":[0],"1":[0,0]},"_coverageSchema":"332fd63041d2c1bcb487cc26dd0d5f7d97098a6c","hash":"f7a9f8f1b7d88e5f7d27a0e76dff0062c76444c6"}
,"C:\\Users\\RedLefty\\aa\\Fyt\\fytProject\\native-base-theme\\components\\Body.js": {"path":"C:\\Users\\RedLefty\\aa\\Fyt\\fytProject\\native-base-theme\\components\\Body.js","statementMap":{"0":{"start":{"line":6,"column":20},"end":{"line":10,"column":3}},"1":{"start":{"line":12,"column":2},"end":{"line":12,"column":19}}},"fnMap":{"0":{"name":"(anonymous_0)","decl":{"start":{"line":5,"column":15},"end":{"line":5,"column":16}},"loc":{"start":{"line":5,"column":50},"end":{"line":13,"column":1}},"line":5}},"branchMap":{"0":{"loc":{"start":{"line":5,"column":16},"end":{"line":5,"column":45}},"type":"default-arg","locations":[{"start":{"line":5,"column":37},"end":{"line":5,"column":45}}],"line":5}},"s":{"0":0,"1":0},"f":{"0":0},"b":{"0":[0]},"_coverageSchema":"332fd63041d2c1bcb487cc26dd0d5f7d97098a6c","hash":"b301bc663e08d2a4c7bb5495fe5df37398692791"}
,"C:\\Users\\RedLefty\\aa\\Fyt\\fytProject\\native-base-theme\\components\\Button.js": {"path":"C:\\Users\\RedLefty\\aa\\Fyt\\fytProject\\native-base-theme\\components\\Button.js","statementMap":{"0":{"start":{"line":6,"column":24},"end":{"line":6,"column":47}},"1":{"start":{"line":7,"column":19},"end":{"line":7,"column":37}},"2":{"start":{"line":8,"column":21},"end":{"line":18,"column":3}},"3":{"start":{"line":19,"column":22},"end":{"line":29,"column":3}},"4":{"start":{"line":30,"column":24},"end":{"line":40,"column":3}},"5":{"start":{"line":41,"column":24},"end":{"line":51,"column":3}},"6":{"start":{"line":52,"column":21},"end":{"line":62,"column":3}},"7":{"start":{"line":63,"column":24},"end":{"line":73,"column":3}},"8":{"start":{"line":74,"column":23},"end":{"line":84,"column":3}},"9":{"start":{"line":85,"column":22},"end":{"line":394,"column":3}},"10":{"start":{"line":395,"column":2},"end":{"line":395,"column":21}}},"fnMap":{"0":{"name":"(anonymous_0)","decl":{"start":{"line":5,"column":15},"end":{"line":5,"column":16}},"loc":{"start":{"line":5,"column":50},"end":{"line":396,"column":1}},"line":5}},"branchMap":{"0":{"loc":{"start":{"line":5,"column":16},"end":{"line":5,"column":45}},"type":"default-arg","locations":[{"start":{"line":5,"column":37},"end":{"line":5,"column":45}}],"line":5},"1":{"loc":{"start":{"line":333,"column":18},"end":{"line":333,"column":52}},"type":"cond-expr","locations":[{"start":{"line":333,"column":39},"end":{"line":333,"column":40}},{"start":{"line":333,"column":43},"end":{"line":333,"column":52}}],"line":333},"2":{"loc":{"start":{"line":339,"column":18},"end":{"line":339,"column":52}},"type":"cond-expr","locations":[{"start":{"line":339,"column":39},"end":{"line":339,"column":40}},{"start":{"line":339,"column":43},"end":{"line":339,"column":52}}],"line":339},"3":{"loc":{"start":{"line":387,"column":17},"end":{"line":387,"column":79}},"type":"cond-expr","locations":[{"start":{"line":387,"column":48},"end":{"line":387,"column":67}},{"start":{"line":387,"column":70},"end":{"line":387,"column":79}}],"line":387},"4":{"loc":{"start":{"line":389,"column":6},"end":{"line":389,"column":72}},"type":"cond-expr","locations":[{"start":{"line":389,"column":37},"end":{"line":389,"column":60}},{"start":{"line":389,"column":63},"end":{"line":389,"column":72}}],"line":389},"5":{"loc":{"start":{"line":390,"column":19},"end":{"line":390,"column":65}},"type":"cond-expr","locations":[{"start":{"line":390,"column":50},"end":{"line":390,"column":53}},{"start":{"line":390,"column":56},"end":{"line":390,"column":65}}],"line":390},"6":{"loc":{"start":{"line":391,"column":18},"end":{"line":391,"column":64}},"type":"cond-expr","locations":[{"start":{"line":391,"column":49},"end":{"line":391,"column":52}},{"start":{"line":391,"column":55},"end":{"line":391,"column":64}}],"line":391}},"s":{"0":0,"1":0,"2":0,"3":0,"4":0,"5":0,"6":0,"7":0,"8":0,"9":0,"10":0},"f":{"0":0},"b":{"0":[0],"1":[0,0],"2":[0,0],"3":[0,0],"4":[0,0],"5":[0,0],"6":[0,0]},"_coverageSchema":"332fd63041d2c1bcb487cc26dd0d5f7d97098a6c","hash":"17d8d53d204be3568b06dbebb13719a40cdaa0ae"}
,"C:\\Users\\RedLefty\\aa\\Fyt\\fytProject\\native-base-theme\\components\\Card.js": {"path":"C:\\Users\\RedLefty\\aa\\Fyt\\fytProject\\native-base-theme\\components\\Card.js","statementMap":{"0":{"start":{"line":6,"column":20},"end":{"line":34,"column":3}},"1":{"start":{"line":36,"column":2},"end":{"line":36,"column":19}}},"fnMap":{"0":{"name":"(anonymous_0)","decl":{"start":{"line":5,"column":15},"end":{"line":5,"column":16}},"loc":{"start":{"line":5,"column":50},"end":{"line":37,"column":1}},"line":5}},"branchMap":{"0":{"loc":{"start":{"line":5,"column":16},"end":{"line":5,"column":45}},"type":"default-arg","locations":[{"start":{"line":5,"column":37},"end":{"line":5,"column":45}}],"line":5}},"s":{"0":0,"1":0},"f":{"0":0},"b":{"0":[0]},"_coverageSchema":"332fd63041d2c1bcb487cc26dd0d5f7d97098a6c","hash":"de33c0ff7883a5c6b0fda2760369d431a58ecbf7"}
,"C:\\Users\\RedLefty\\aa\\Fyt\\fytProject\\native-base-theme\\components\\CardItem.js": {"path":"C:\\Users\\RedLefty\\aa\\Fyt\\fytProject\\native-base-theme\\components\\CardItem.js","statementMap":{"0":{"start":{"line":7,"column":19},"end":{"line":7,"column":37}},"1":{"start":{"line":8,"column":31},"end":{"line":24,"column":3}},"2":{"start":{"line":26,"column":24},"end":{"line":193,"column":3}},"3":{"start":{"line":195,"column":2},"end":{"line":195,"column":23}}},"fnMap":{"0":{"name":"(anonymous_0)","decl":{"start":{"line":6,"column":15},"end":{"line":6,"column":16}},"loc":{"start":{"line":6,"column":50},"end":{"line":196,"column":1}},"line":6}},"branchMap":{"0":{"loc":{"start":{"line":6,"column":16},"end":{"line":6,"column":45}},"type":"default-arg","locations":[{"start":{"line":6,"column":37},"end":{"line":6,"column":45}}],"line":6},"1":{"loc":{"start":{"line":62,"column":15},"end":{"line":62,"column":51}},"type":"cond-expr","locations":[{"start":{"line":62,"column":36},"end":{"line":62,"column":42}},{"start":{"line":62,"column":45},"end":{"line":62,"column":51}}],"line":62},"2":{"loc":{"start":{"line":135,"column":20},"end":{"line":135,"column":54}},"type":"cond-expr","locations":[{"start":{"line":135,"column":41},"end":{"line":135,"column":46}},{"start":{"line":135,"column":49},"end":{"line":135,"column":54}}],"line":135},"3":{"loc":{"start":{"line":140,"column":22},"end":{"line":140,"column":56}},"type":"cond-expr","locations":[{"start":{"line":140,"column":43},"end":{"line":140,"column":48}},{"start":{"line":140,"column":51},"end":{"line":140,"column":56}}],"line":140},"4":{"loc":{"start":{"line":150,"column":20},"end":{"line":150,"column":54}},"type":"cond-expr","locations":[{"start":{"line":150,"column":41},"end":{"line":150,"column":46}},{"start":{"line":150,"column":49},"end":{"line":150,"column":54}}],"line":150},"5":{"loc":{"start":{"line":155,"column":22},"end":{"line":155,"column":56}},"type":"cond-expr","locations":[{"start":{"line":155,"column":43},"end":{"line":155,"column":48}},{"start":{"line":155,"column":51},"end":{"line":155,"column":56}}],"line":155}},"s":{"0":0,"1":0,"2":0,"3":0},"f":{"0":0},"b":{"0":[0],"1":[0,0],"2":[0,0],"3":[0,0],"4":[0,0],"5":[0,0]},"_coverageSchema":"332fd63041d2c1bcb487cc26dd0d5f7d97098a6c","hash":"47aadf3c57b7d8d7f559bdc55abce94dbe934ff0"}
,"C:\\Users\\RedLefty\\aa\\Fyt\\fytProject\\native-base-theme\\components\\CheckBox.js": {"path":"C:\\Users\\RedLefty\\aa\\Fyt\\fytProject\\native-base-theme\\components\\CheckBox.js","statementMap":{"0":{"start":{"line":6,"column":24},"end":{"line":35,"column":3}},"1":{"start":{"line":37,"column":2},"end":{"line":37,"column":23}}},"fnMap":{"0":{"name":"(anonymous_0)","decl":{"start":{"line":5,"column":15},"end":{"line":5,"column":16}},"loc":{"start":{"line":5,"column":50},"end":{"line":38,"column":1}},"line":5}},"branchMap":{"0":{"loc":{"start":{"line":5,"column":16},"end":{"line":5,"column":45}},"type":"default-arg","locations":[{"start":{"line":5,"column":37},"end":{"line":5,"column":45}}],"line":5}},"s":{"0":0,"1":0},"f":{"0":0},"b":{"0":[0]},"_coverageSchema":"332fd63041d2c1bcb487cc26dd0d5f7d97098a6c","hash":"1b16e70d4d915bc5d6b5f8956169bdec7579577d"}
,"C:\\Users\\RedLefty\\aa\\Fyt\\fytProject\\native-base-theme\\components\\Container.js": {"path":"C:\\Users\\RedLefty\\aa\\Fyt\\fytProject\\native-base-theme\\components\\Container.js","statementMap":{"0":{"start":{"line":7,"column":21},"end":{"line":7,"column":52}},"1":{"start":{"line":9,"column":16},"end":{"line":13,"column":3}},"2":{"start":{"line":15,"column":2},"end":{"line":15,"column":15}}},"fnMap":{"0":{"name":"(anonymous_0)","decl":{"start":{"line":8,"column":15},"end":{"line":8,"column":16}},"loc":{"start":{"line":8,"column":50},"end":{"line":16,"column":1}},"line":8}},"branchMap":{"0":{"loc":{"start":{"line":8,"column":16},"end":{"line":8,"column":45}},"type":"default-arg","locations":[{"start":{"line":8,"column":37},"end":{"line":8,"column":45}}],"line":8},"1":{"loc":{"start":{"line":11,"column":12},"end":{"line":11,"column":68}},"type":"cond-expr","locations":[{"start":{"line":11,"column":36},"end":{"line":11,"column":48}},{"start":{"line":11,"column":51},"end":{"line":11,"column":68}}],"line":11}},"s":{"0":1,"1":0,"2":0},"f":{"0":0},"b":{"0":[0],"1":[0,0]},"_coverageSchema":"332fd63041d2c1bcb487cc26dd0d5f7d97098a6c","hash":"39fed3481ffbdf6a4dca969e5bb49668830c83a1"}
,"C:\\Users\\RedLefty\\aa\\Fyt\\fytProject\\native-base-theme\\components\\Content.js": {"path":"C:\\Users\\RedLefty\\aa\\Fyt\\fytProject\\native-base-theme\\components\\Content.js","statementMap":{"0":{"start":{"line":6,"column":23},"end":{"line":13,"column":3}},"1":{"start":{"line":15,"column":2},"end":{"line":15,"column":22}}},"fnMap":{"0":{"name":"(anonymous_0)","decl":{"start":{"line":5,"column":15},"end":{"line":5,"column":16}},"loc":{"start":{"line":5,"column":50},"end":{"line":16,"column":1}},"line":5}},"branchMap":{"0":{"loc":{"start":{"line":5,"column":16},"end":{"line":5,"column":45}},"type":"default-arg","locations":[{"start":{"line":5,"column":37},"end":{"line":5,"column":45}}],"line":5}},"s":{"0":0,"1":0},"f":{"0":0},"b":{"0":[0]},"_coverageSchema":"332fd63041d2c1bcb487cc26dd0d5f7d97098a6c","hash":"06d82e5cee323d5eaea821945ab87ecbac34e50a"}
,"C:\\Users\\RedLefty\\aa\\Fyt\\fytProject\\native-base-theme\\components\\Fab.js": {"path":"C:\\Users\\RedLefty\\aa\\Fyt\\fytProject\\native-base-theme\\components\\Fab.js","statementMap":{"0":{"start":{"line":6,"column":19},"end":{"line":6,"column":37}},"1":{"start":{"line":8,"column":19},"end":{"line":26,"column":3}},"2":{"start":{"line":28,"column":2},"end":{"line":28,"column":18}}},"fnMap":{"0":{"name":"(anonymous_0)","decl":{"start":{"line":5,"column":15},"end":{"line":5,"column":16}},"loc":{"start":{"line":5,"column":50},"end":{"line":29,"column":1}},"line":5}},"branchMap":{"0":{"loc":{"start":{"line":5,"column":16},"end":{"line":5,"column":45}},"type":"default-arg","locations":[{"start":{"line":5,"column":37},"end":{"line":5,"column":45}}],"line":5}},"s":{"0":0,"1":0,"2":0},"f":{"0":0},"b":{"0":[0]},"_coverageSchema":"332fd63041d2c1bcb487cc26dd0d5f7d97098a6c","hash":"cf56fcda1584e117f2849bfa7c4f8ddc6100d4a1"}
,"C:\\Users\\RedLefty\\aa\\Fyt\\fytProject\\native-base-theme\\components\\Footer.js": {"path":"C:\\Users\\RedLefty\\aa\\Fyt\\fytProject\\native-base-theme\\components\\Footer.js","statementMap":{"0":{"start":{"line":6,"column":24},"end":{"line":6,"column":47}},"1":{"start":{"line":7,"column":19},"end":{"line":7,"column":37}},"2":{"start":{"line":9,"column":21},"end":{"line":13,"column":3}},"3":{"start":{"line":14,"column":23},"end":{"line":18,"column":3}},"4":{"start":{"line":19,"column":21},"end":{"line":23,"column":3}},"5":{"start":{"line":24,"column":22},"end":{"line":116,"column":3}},"6":{"start":{"line":117,"column":2},"end":{"line":117,"column":21}}},"fnMap":{"0":{"name":"(anonymous_0)","decl":{"start":{"line":5,"column":15},"end":{"line":5,"column":16}},"loc":{"start":{"line":5,"column":50},"end":{"line":118,"column":1}},"line":5}},"branchMap":{"0":{"loc":{"start":{"line":5,"column":16},"end":{"line":5,"column":45}},"type":"default-arg","locations":[{"start":{"line":5,"column":37},"end":{"line":5,"column":45}}],"line":5},"1":{"loc":{"start":{"line":104,"column":6},"end":{"line":106,"column":19}},"type":"cond-expr","locations":[{"start":{"line":105,"column":10},"end":{"line":105,"column":31}},{"start":{"line":106,"column":10},"end":{"line":106,"column":19}}],"line":104},"2":{"loc":{"start":{"line":104,"column":6},"end":{"line":104,"column":56}},"type":"binary-expr","locations":[{"start":{"line":104,"column":6},"end":{"line":104,"column":24}},{"start":{"line":104,"column":28},"end":{"line":104,"column":56}}],"line":104},"3":{"loc":{"start":{"line":108,"column":6},"end":{"line":110,"column":19}},"type":"cond-expr","locations":[{"start":{"line":109,"column":10},"end":{"line":109,"column":19}},{"start":{"line":110,"column":10},"end":{"line":110,"column":19}}],"line":108},"4":{"loc":{"start":{"line":108,"column":6},"end":{"line":108,"column":56}},"type":"binary-expr","locations":[{"start":{"line":108,"column":6},"end":{"line":108,"column":24}},{"start":{"line":108,"column":28},"end":{"line":108,"column":56}}],"line":108}},"s":{"0":0,"1":0,"2":0,"3":0,"4":0,"5":0,"6":0},"f":{"0":0},"b":{"0":[0],"1":[0,0],"2":[0,0],"3":[0,0],"4":[0,0]},"_coverageSchema":"332fd63041d2c1bcb487cc26dd0d5f7d97098a6c","hash":"9c05c6e30cf1285659dd5d123a3bd35675069771"}
,"C:\\Users\\RedLefty\\aa\\Fyt\\fytProject\\native-base-theme\\components\\FooterTab.js": {"path":"C:\\Users\\RedLefty\\aa\\Fyt\\fytProject\\native-base-theme\\components\\FooterTab.js","statementMap":{"0":{"start":{"line":8,"column":19},"end":{"line":8,"column":37}},"1":{"start":{"line":10,"column":25},"end":{"line":75,"column":3}},"2":{"start":{"line":77,"column":2},"end":{"line":77,"column":24}}},"fnMap":{"0":{"name":"(anonymous_0)","decl":{"start":{"line":7,"column":15},"end":{"line":7,"column":16}},"loc":{"start":{"line":7,"column":50},"end":{"line":78,"column":1}},"line":7}},"branchMap":{"0":{"loc":{"start":{"line":7,"column":16},"end":{"line":7,"column":45}},"type":"default-arg","locations":[{"start":{"line":7,"column":37},"end":{"line":7,"column":45}}],"line":7},"1":{"loc":{"start":{"line":42,"column":24},"end":{"line":42,"column":62}},"type":"cond-expr","locations":[{"start":{"line":42,"column":45},"end":{"line":42,"column":50}},{"start":{"line":42,"column":53},"end":{"line":42,"column":62}}],"line":42},"2":{"loc":{"start":{"line":70,"column":6},"end":{"line":70,"column":71}},"type":"cond-expr","locations":[{"start":{"line":70,"column":34},"end":{"line":70,"column":59}},{"start":{"line":70,"column":62},"end":{"line":70,"column":71}}],"line":70}},"s":{"0":0,"1":0,"2":0},"f":{"0":0},"b":{"0":[0],"1":[0,0],"2":[0,0]},"_coverageSchema":"332fd63041d2c1bcb487cc26dd0d5f7d97098a6c","hash":"c7e53bc8015ef63a17f7cbec8a42a710db0caa27"}
,"C:\\Users\\RedLefty\\aa\\Fyt\\fytProject\\native-base-theme\\components\\Form.js": {"path":"C:\\Users\\RedLefty\\aa\\Fyt\\fytProject\\native-base-theme\\components\\Form.js","statementMap":{"0":{"start":{"line":6,"column":19},"end":{"line":6,"column":37}},"1":{"start":{"line":8,"column":16},"end":{"line":87,"column":3}},"2":{"start":{"line":89,"column":2},"end":{"line":89,"column":15}}},"fnMap":{"0":{"name":"(anonymous_0)","decl":{"start":{"line":5,"column":15},"end":{"line":5,"column":16}},"loc":{"start":{"line":5,"column":50},"end":{"line":90,"column":1}},"line":5}},"branchMap":{"0":{"loc":{"start":{"line":5,"column":16},"end":{"line":5,"column":45}},"type":"default-arg","locations":[{"start":{"line":5,"column":37},"end":{"line":5,"column":45}}],"line":5}},"s":{"0":0,"1":0,"2":0},"f":{"0":0},"b":{"0":[0]},"_coverageSchema":"332fd63041d2c1bcb487cc26dd0d5f7d97098a6c","hash":"db0373bd6d0140c7a5530ec7b5e25914b5a4e77c"}
,"C:\\Users\\RedLefty\\aa\\Fyt\\fytProject\\native-base-theme\\components\\H1.js": {"path":"C:\\Users\\RedLefty\\aa\\Fyt\\fytProject\\native-base-theme\\components\\H1.js","statementMap":{"0":{"start":{"line":6,"column":18},"end":{"line":10,"column":3}},"1":{"start":{"line":12,"column":2},"end":{"line":12,"column":17}}},"fnMap":{"0":{"name":"(anonymous_0)","decl":{"start":{"line":5,"column":15},"end":{"line":5,"column":16}},"loc":{"start":{"line":5,"column":50},"end":{"line":13,"column":1}},"line":5}},"branchMap":{"0":{"loc":{"start":{"line":5,"column":16},"end":{"line":5,"column":45}},"type":"default-arg","locations":[{"start":{"line":5,"column":37},"end":{"line":5,"column":45}}],"line":5}},"s":{"0":0,"1":0},"f":{"0":0},"b":{"0":[0]},"_coverageSchema":"332fd63041d2c1bcb487cc26dd0d5f7d97098a6c","hash":"c0f71b42bc0612c98c22ce2673f8d3c511d60f98"}
,"C:\\Users\\RedLefty\\aa\\Fyt\\fytProject\\native-base-theme\\components\\H2.js": {"path":"C:\\Users\\RedLefty\\aa\\Fyt\\fytProject\\native-base-theme\\components\\H2.js","statementMap":{"0":{"start":{"line":6,"column":18},"end":{"line":10,"column":3}},"1":{"start":{"line":12,"column":2},"end":{"line":12,"column":17}}},"fnMap":{"0":{"name":"(anonymous_0)","decl":{"start":{"line":5,"column":15},"end":{"line":5,"column":16}},"loc":{"start":{"line":5,"column":50},"end":{"line":13,"column":1}},"line":5}},"branchMap":{"0":{"loc":{"start":{"line":5,"column":16},"end":{"line":5,"column":45}},"type":"default-arg","locations":[{"start":{"line":5,"column":37},"end":{"line":5,"column":45}}],"line":5}},"s":{"0":0,"1":0},"f":{"0":0},"b":{"0":[0]},"_coverageSchema":"332fd63041d2c1bcb487cc26dd0d5f7d97098a6c","hash":"1068cd92f90fb725d80a595e140a4251bec04f5d"}
,"C:\\Users\\RedLefty\\aa\\Fyt\\fytProject\\native-base-theme\\components\\H3.js": {"path":"C:\\Users\\RedLefty\\aa\\Fyt\\fytProject\\native-base-theme\\components\\H3.js","statementMap":{"0":{"start":{"line":6,"column":18},"end":{"line":10,"column":3}},"1":{"start":{"line":12,"column":2},"end":{"line":12,"column":17}}},"fnMap":{"0":{"name":"(anonymous_0)","decl":{"start":{"line":5,"column":15},"end":{"line":5,"column":16}},"loc":{"start":{"line":5,"column":50},"end":{"line":13,"column":1}},"line":5}},"branchMap":{"0":{"loc":{"start":{"line":5,"column":16},"end":{"line":5,"column":45}},"type":"default-arg","locations":[{"start":{"line":5,"column":37},"end":{"line":5,"column":45}}],"line":5}},"s":{"0":0,"1":0},"f":{"0":0},"b":{"0":[0]},"_coverageSchema":"332fd63041d2c1bcb487cc26dd0d5f7d97098a6c","hash":"199e1b686c0d00211355d7f4365e015d068d5af8"}
,"C:\\Users\\RedLefty\\aa\\Fyt\\fytProject\\native-base-theme\\components\\Header.js": {"path":"C:\\Users\\RedLefty\\aa\\Fyt\\fytProject\\native-base-theme\\components\\Header.js","statementMap":{"0":{"start":{"line":8,"column":24},"end":{"line":8,"column":47}},"1":{"start":{"line":9,"column":19},"end":{"line":9,"column":37}},"2":{"start":{"line":11,"column":22},"end":{"line":394,"column":3}},"3":{"start":{"line":396,"column":2},"end":{"line":396,"column":21}}},"fnMap":{"0":{"name":"(anonymous_0)","decl":{"start":{"line":7,"column":15},"end":{"line":7,"column":16}},"loc":{"start":{"line":7,"column":50},"end":{"line":397,"column":1}},"line":7}},"branchMap":{"0":{"loc":{"start":{"line":7,"column":16},"end":{"line":7,"column":45}},"type":"default-arg","locations":[{"start":{"line":7,"column":37},"end":{"line":7,"column":45}}],"line":7},"1":{"loc":{"start":{"line":52,"column":18},"end":{"line":52,"column":78}},"type":"cond-expr","locations":[{"start":{"line":52,"column":43},"end":{"line":52,"column":66}},{"start":{"line":52,"column":69},"end":{"line":52,"column":78}}],"line":52},"2":{"loc":{"start":{"line":54,"column":8},"end":{"line":56,"column":35}},"type":"cond-expr","locations":[{"start":{"line":55,"column":12},"end":{"line":55,"column":61}},{"start":{"line":56,"column":12},"end":{"line":56,"column":35}}],"line":54},"3":{"loc":{"start":{"line":100,"column":15},"end":{"line":100,"column":49}},"type":"cond-expr","locations":[{"start":{"line":100,"column":36},"end":{"line":100,"column":45}},{"start":{"line":100,"column":48},"end":{"line":100,"column":49}}],"line":100},"4":{"loc":{"start":{"line":101,"column":14},"end":{"line":101,"column":40}},"type":"cond-expr","locations":[{"start":{"line":101,"column":35},"end":{"line":101,"column":36}},{"start":{"line":101,"column":39},"end":{"line":101,"column":40}}],"line":101},"5":{"loc":{"start":{"line":105,"column":23},"end":{"line":105,"column":58}},"type":"cond-expr","locations":[{"start":{"line":105,"column":44},"end":{"line":105,"column":53}},{"start":{"line":105,"column":56},"end":{"line":105,"column":58}}],"line":105},"6":{"loc":{"start":{"line":108,"column":23},"end":{"line":108,"column":58}},"type":"cond-expr","locations":[{"start":{"line":108,"column":44},"end":{"line":108,"column":53}},{"start":{"line":108,"column":56},"end":{"line":108,"column":58}}],"line":108},"7":{"loc":{"start":{"line":166,"column":23},"end":{"line":166,"column":53}},"type":"cond-expr","locations":[{"start":{"line":166,"column":44},"end":{"line":166,"column":46}},{"start":{"line":166,"column":49},"end":{"line":166,"column":53}}],"line":166},"8":{"loc":{"start":{"line":168,"column":27},"end":{"line":168,"column":64}},"type":"cond-expr","locations":[{"start":{"line":168,"column":48},"end":{"line":168,"column":57}},{"start":{"line":168,"column":60},"end":{"line":168,"column":64}}],"line":168},"9":{"loc":{"start":{"line":169,"column":15},"end":{"line":169,"column":49}},"type":"cond-expr","locations":[{"start":{"line":169,"column":36},"end":{"line":169,"column":45}},{"start":{"line":169,"column":48},"end":{"line":169,"column":49}}],"line":169},"10":{"loc":{"start":{"line":170,"column":16},"end":{"line":170,"column":50}},"type":"cond-expr","locations":[{"start":{"line":170,"column":37},"end":{"line":170,"column":46}},{"start":{"line":170,"column":49},"end":{"line":170,"column":50}}],"line":170},"11":{"loc":{"start":{"line":176,"column":10},"end":{"line":176,"column":69}},"type":"cond-expr","locations":[{"start":{"line":176,"column":63},"end":{"line":176,"column":65}},{"start":{"line":176,"column":68},"end":{"line":176,"column":69}}],"line":176},"12":{"loc":{"start":{"line":176,"column":10},"end":{"line":176,"column":60}},"type":"binary-expr","locations":[{"start":{"line":176,"column":10},"end":{"line":176,"column":28}},{"start":{"line":176,"column":32},"end":{"line":176,"column":60}}],"line":176},"13":{"loc":{"start":{"line":193,"column":22},"end":{"line":193,"column":49}},"type":"cond-expr","locations":[{"start":{"line":193,"column":43},"end":{"line":193,"column":45}},{"start":{"line":193,"column":48},"end":{"line":193,"column":49}}],"line":193},"14":{"loc":{"start":{"line":207,"column":12},"end":{"line":207,"column":71}},"type":"cond-expr","locations":[{"start":{"line":207,"column":65},"end":{"line":207,"column":67}},{"start":{"line":207,"column":70},"end":{"line":207,"column":71}}],"line":207},"15":{"loc":{"start":{"line":207,"column":12},"end":{"line":207,"column":62}},"type":"binary-expr","locations":[{"start":{"line":207,"column":12},"end":{"line":207,"column":30}},{"start":{"line":207,"column":34},"end":{"line":207,"column":62}}],"line":207},"16":{"loc":{"start":{"line":211,"column":14},"end":{"line":213,"column":42}},"type":"cond-expr","locations":[{"start":{"line":212,"column":18},"end":{"line":212,"column":46}},{"start":{"line":213,"column":18},"end":{"line":213,"column":42}}],"line":211},"17":{"loc":{"start":{"line":211,"column":14},"end":{"line":211,"column":74}},"type":"binary-expr","locations":[{"start":{"line":211,"column":14},"end":{"line":211,"column":32}},{"start":{"line":211,"column":36},"end":{"line":211,"column":74}}],"line":211},"18":{"loc":{"start":{"line":222,"column":14},"end":{"line":224,"column":46}},"type":"cond-expr","locations":[{"start":{"line":223,"column":18},"end":{"line":223,"column":46}},{"start":{"line":224,"column":18},"end":{"line":224,"column":46}}],"line":222},"19":{"loc":{"start":{"line":222,"column":14},"end":{"line":222,"column":74}},"type":"binary-expr","locations":[{"start":{"line":222,"column":14},"end":{"line":222,"column":32}},{"start":{"line":222,"column":36},"end":{"line":222,"column":74}}],"line":222},"20":{"loc":{"start":{"line":232,"column":22},"end":{"line":232,"column":49}},"type":"cond-expr","locations":[{"start":{"line":232,"column":43},"end":{"line":232,"column":45}},{"start":{"line":232,"column":48},"end":{"line":232,"column":49}}],"line":232},"21":{"loc":{"start":{"line":233,"column":17},"end":{"line":233,"column":46}},"type":"cond-expr","locations":[{"start":{"line":233,"column":38},"end":{"line":233,"column":39}},{"start":{"line":233,"column":42},"end":{"line":233,"column":46}}],"line":233},"22":{"loc":{"start":{"line":235,"column":14},"end":{"line":235,"column":72}},"type":"cond-expr","locations":[{"start":{"line":235,"column":67},"end":{"line":235,"column":68}},{"start":{"line":235,"column":71},"end":{"line":235,"column":72}}],"line":235},"23":{"loc":{"start":{"line":235,"column":14},"end":{"line":235,"column":64}},"type":"binary-expr","locations":[{"start":{"line":235,"column":14},"end":{"line":235,"column":32}},{"start":{"line":235,"column":36},"end":{"line":235,"column":64}}],"line":235},"24":{"loc":{"start":{"line":237,"column":14},"end":{"line":239,"column":20}},"type":"cond-expr","locations":[{"start":{"line":238,"column":18},"end":{"line":238,"column":27}},{"start":{"line":239,"column":18},"end":{"line":239,"column":20}}],"line":237},"25":{"loc":{"start":{"line":237,"column":14},"end":{"line":237,"column":64}},"type":"binary-expr","locations":[{"start":{"line":237,"column":14},"end":{"line":237,"column":32}},{"start":{"line":237,"column":36},"end":{"line":237,"column":64}}],"line":237},"26":{"loc":{"start":{"line":257,"column":21},"end":{"line":257,"column":79}},"type":"cond-expr","locations":[{"start":{"line":257,"column":74},"end":{"line":257,"column":75}},{"start":{"line":257,"column":78},"end":{"line":257,"column":79}}],"line":257},"27":{"loc":{"start":{"line":257,"column":21},"end":{"line":257,"column":71}},"type":"binary-expr","locations":[{"start":{"line":257,"column":21},"end":{"line":257,"column":39}},{"start":{"line":257,"column":43},"end":{"line":257,"column":71}}],"line":257},"28":{"loc":{"start":{"line":259,"column":12},"end":{"line":259,"column":72}},"type":"cond-expr","locations":[{"start":{"line":259,"column":65},"end":{"line":259,"column":66}},{"start":{"line":259,"column":69},"end":{"line":259,"column":72}}],"line":259},"29":{"loc":{"start":{"line":259,"column":12},"end":{"line":259,"column":62}},"type":"binary-expr","locations":[{"start":{"line":259,"column":12},"end":{"line":259,"column":30}},{"start":{"line":259,"column":34},"end":{"line":259,"column":62}}],"line":259},"30":{"loc":{"start":{"line":266,"column":8},"end":{"line":268,"column":24}},"type":"cond-expr","locations":[{"start":{"line":267,"column":12},"end":{"line":267,"column":20}},{"start":{"line":268,"column":12},"end":{"line":268,"column":24}}],"line":266},"31":{"loc":{"start":{"line":266,"column":8},"end":{"line":266,"column":58}},"type":"binary-expr","locations":[{"start":{"line":266,"column":8},"end":{"line":266,"column":26}},{"start":{"line":266,"column":30},"end":{"line":266,"column":58}}],"line":266},"32":{"loc":{"start":{"line":273,"column":21},"end":{"line":273,"column":51}},"type":"cond-expr","locations":[{"start":{"line":273,"column":42},"end":{"line":273,"column":45}},{"start":{"line":273,"column":48},"end":{"line":273,"column":51}}],"line":273},"33":{"loc":{"start":{"line":305,"column":22},"end":{"line":305,"column":50}},"type":"cond-expr","locations":[{"start":{"line":305,"column":43},"end":{"line":305,"column":45}},{"start":{"line":305,"column":48},"end":{"line":305,"column":50}}],"line":305},"34":{"loc":{"start":{"line":317,"column":23},"end":{"line":317,"column":51}},"type":"cond-expr","locations":[{"start":{"line":317,"column":44},"end":{"line":317,"column":46}},{"start":{"line":317,"column":49},"end":{"line":317,"column":51}}],"line":317},"35":{"loc":{"start":{"line":340,"column":22},"end":{"line":340,"column":50}},"type":"cond-expr","locations":[{"start":{"line":340,"column":43},"end":{"line":340,"column":45}},{"start":{"line":340,"column":48},"end":{"line":340,"column":50}}],"line":340},"36":{"loc":{"start":{"line":341,"column":17},"end":{"line":341,"column":46}},"type":"cond-expr","locations":[{"start":{"line":341,"column":38},"end":{"line":341,"column":39}},{"start":{"line":341,"column":42},"end":{"line":341,"column":46}}],"line":341},"37":{"loc":{"start":{"line":343,"column":14},"end":{"line":345,"column":27}},"type":"cond-expr","locations":[{"start":{"line":344,"column":18},"end":{"line":344,"column":19}},{"start":{"line":345,"column":18},"end":{"line":345,"column":27}}],"line":343},"38":{"loc":{"start":{"line":343,"column":14},"end":{"line":343,"column":74}},"type":"binary-expr","locations":[{"start":{"line":343,"column":14},"end":{"line":343,"column":32}},{"start":{"line":343,"column":36},"end":{"line":343,"column":74}}],"line":343},"39":{"loc":{"start":{"line":374,"column":6},"end":{"line":374,"column":75}},"type":"cond-expr","locations":[{"start":{"line":374,"column":69},"end":{"line":374,"column":70}},{"start":{"line":374,"column":73},"end":{"line":374,"column":75}}],"line":374},"40":{"loc":{"start":{"line":374,"column":6},"end":{"line":374,"column":66}},"type":"binary-expr","locations":[{"start":{"line":374,"column":6},"end":{"line":374,"column":24}},{"start":{"line":374,"column":28},"end":{"line":374,"column":66}}],"line":374},"41":{"loc":{"start":{"line":377,"column":16},"end":{"line":377,"column":43}},"type":"cond-expr","locations":[{"start":{"line":377,"column":37},"end":{"line":377,"column":39}},{"start":{"line":377,"column":42},"end":{"line":377,"column":43}}],"line":377},"42":{"loc":{"start":{"line":379,"column":6},"end":{"line":379,"column":74}},"type":"cond-expr","locations":[{"start":{"line":379,"column":27},"end":{"line":379,"column":70}},{"start":{"line":379,"column":73},"end":{"line":379,"column":74}}],"line":379},"43":{"loc":{"start":{"line":382,"column":6},"end":{"line":384,"column":33}},"type":"cond-expr","locations":[{"start":{"line":383,"column":10},"end":{"line":383,"column":52}},{"start":{"line":384,"column":10},"end":{"line":384,"column":33}}],"line":382},"44":{"loc":{"start":{"line":382,"column":6},"end":{"line":382,"column":76}},"type":"binary-expr","locations":[{"start":{"line":382,"column":6},"end":{"line":382,"column":34}},{"start":{"line":382,"column":38},"end":{"line":382,"column":76}}],"line":382},"45":{"loc":{"start":{"line":386,"column":17},"end":{"line":386,"column":66}},"type":"cond-expr","locations":[{"start":{"line":386,"column":48},"end":{"line":386,"column":54}},{"start":{"line":386,"column":57},"end":{"line":386,"column":66}}],"line":386},"46":{"loc":{"start":{"line":388,"column":6},"end":{"line":388,"column":72}},"type":"cond-expr","locations":[{"start":{"line":388,"column":37},"end":{"line":388,"column":60}},{"start":{"line":388,"column":63},"end":{"line":388,"column":72}}],"line":388},"47":{"loc":{"start":{"line":389,"column":19},"end":{"line":389,"column":65}},"type":"cond-expr","locations":[{"start":{"line":389,"column":50},"end":{"line":389,"column":53}},{"start":{"line":389,"column":56},"end":{"line":389,"column":65}}],"line":389},"48":{"loc":{"start":{"line":390,"column":18},"end":{"line":390,"column":64}},"type":"cond-expr","locations":[{"start":{"line":390,"column":49},"end":{"line":390,"column":52}},{"start":{"line":390,"column":55},"end":{"line":390,"column":64}}],"line":390}},"s":{"0":0,"1":0,"2":0,"3":0},"f":{"0":0},"b":{"0":[0],"1":[0,0],"2":[0,0],"3":[0,0],"4":[0,0],"5":[0,0],"6":[0,0],"7":[0,0],"8":[0,0],"9":[0,0],"10":[0,0],"11":[0,0],"12":[0,0],"13":[0,0],"14":[0,0],"15":[0,0],"16":[0,0],"17":[0,0],"18":[0,0],"19":[0,0],"20":[0,0],"21":[0,0],"22":[0,0],"23":[0,0],"24":[0,0],"25":[0,0],"26":[0,0],"27":[0,0],"28":[0,0],"29":[0,0],"30":[0,0],"31":[0,0],"32":[0,0],"33":[0,0],"34":[0,0],"35":[0,0],"36":[0,0],"37":[0,0],"38":[0,0],"39":[0,0],"40":[0,0],"41":[0,0],"42":[0,0],"43":[0,0],"44":[0,0],"45":[0,0],"46":[0,0],"47":[0,0],"48":[0,0]},"_coverageSchema":"332fd63041d2c1bcb487cc26dd0d5f7d97098a6c","hash":"078d2555de6a238d89e43a0621a4af2ebf350ed4"}
,"C:\\Users\\RedLefty\\aa\\Fyt\\fytProject\\native-base-theme\\components\\Icon.js": {"path":"C:\\Users\\RedLefty\\aa\\Fyt\\fytProject\\native-base-theme\\components\\Icon.js","statementMap":{"0":{"start":{"line":6,"column":20},"end":{"line":9,"column":3}},"1":{"start":{"line":11,"column":2},"end":{"line":11,"column":19}}},"fnMap":{"0":{"name":"(anonymous_0)","decl":{"start":{"line":5,"column":15},"end":{"line":5,"column":16}},"loc":{"start":{"line":5,"column":50},"end":{"line":12,"column":1}},"line":5}},"branchMap":{"0":{"loc":{"start":{"line":5,"column":16},"end":{"line":5,"column":45}},"type":"default-arg","locations":[{"start":{"line":5,"column":37},"end":{"line":5,"column":45}}],"line":5}},"s":{"0":0,"1":0},"f":{"0":0},"b":{"0":[0]},"_coverageSchema":"332fd63041d2c1bcb487cc26dd0d5f7d97098a6c","hash":"bfbc0d427dca69149d102ed0f501fdfb4bdd29b3"}
,"C:\\Users\\RedLefty\\aa\\Fyt\\fytProject\\native-base-theme\\components\\Input.js": {"path":"C:\\Users\\RedLefty\\aa\\Fyt\\fytProject\\native-base-theme\\components\\Input.js","statementMap":{"0":{"start":{"line":6,"column":21},"end":{"line":16,"column":3}},"1":{"start":{"line":18,"column":2},"end":{"line":18,"column":20}}},"fnMap":{"0":{"name":"(anonymous_0)","decl":{"start":{"line":5,"column":15},"end":{"line":5,"column":16}},"loc":{"start":{"line":5,"column":50},"end":{"line":19,"column":1}},"line":5}},"branchMap":{"0":{"loc":{"start":{"line":5,"column":16},"end":{"line":5,"column":45}},"type":"default-arg","locations":[{"start":{"line":5,"column":37},"end":{"line":5,"column":45}}],"line":5}},"s":{"0":0,"1":0},"f":{"0":0},"b":{"0":[0]},"_coverageSchema":"332fd63041d2c1bcb487cc26dd0d5f7d97098a6c","hash":"c1626a7523616c23a199cadce3d669192f06bb17"}
,"C:\\Users\\RedLefty\\aa\\Fyt\\fytProject\\native-base-theme\\components\\InputGroup.js": {"path":"C:\\Users\\RedLefty\\aa\\Fyt\\fytProject\\native-base-theme\\components\\InputGroup.js","statementMap":{"0":{"start":{"line":6,"column":26},"end":{"line":129,"column":3}},"1":{"start":{"line":131,"column":2},"end":{"line":131,"column":25}}},"fnMap":{"0":{"name":"(anonymous_0)","decl":{"start":{"line":5,"column":15},"end":{"line":5,"column":16}},"loc":{"start":{"line":5,"column":50},"end":{"line":132,"column":1}},"line":5}},"branchMap":{"0":{"loc":{"start":{"line":5,"column":16},"end":{"line":5,"column":45}},"type":"default-arg","locations":[{"start":{"line":5,"column":37},"end":{"line":5,"column":45}}],"line":5}},"s":{"0":0,"1":0},"f":{"0":0},"b":{"0":[0]},"_coverageSchema":"332fd63041d2c1bcb487cc26dd0d5f7d97098a6c","hash":"c23b46c2867e076bbe271ea23b24f78b4f3befca"}
,"C:\\Users\\RedLefty\\aa\\Fyt\\fytProject\\native-base-theme\\components\\Item.js": {"path":"C:\\Users\\RedLefty\\aa\\Fyt\\fytProject\\native-base-theme\\components\\Item.js","statementMap":{"0":{"start":{"line":8,"column":20},"end":{"line":237,"column":3}},"1":{"start":{"line":239,"column":2},"end":{"line":239,"column":19}}},"fnMap":{"0":{"name":"(anonymous_0)","decl":{"start":{"line":7,"column":15},"end":{"line":7,"column":16}},"loc":{"start":{"line":7,"column":50},"end":{"line":240,"column":1}},"line":7}},"branchMap":{"0":{"loc":{"start":{"line":7,"column":16},"end":{"line":7,"column":45}},"type":"default-arg","locations":[{"start":{"line":7,"column":37},"end":{"line":7,"column":45}}],"line":7},"1":{"loc":{"start":{"line":17,"column":22},"end":{"line":17,"column":52}},"type":"cond-expr","locations":[{"start":{"line":17,"column":46},"end":{"line":17,"column":48}},{"start":{"line":17,"column":51},"end":{"line":17,"column":52}}],"line":17},"2":{"loc":{"start":{"line":18,"column":25},"end":{"line":18,"column":56}},"type":"cond-expr","locations":[{"start":{"line":18,"column":49},"end":{"line":18,"column":51}},{"start":{"line":18,"column":54},"end":{"line":18,"column":56}}],"line":18},"3":{"loc":{"start":{"line":63,"column":19},"end":{"line":63,"column":67}},"type":"cond-expr","locations":[{"start":{"line":63,"column":43},"end":{"line":63,"column":52}},{"start":{"line":63,"column":55},"end":{"line":63,"column":67}}],"line":63},"4":{"loc":{"start":{"line":65,"column":15},"end":{"line":65,"column":72}},"type":"cond-expr","locations":[{"start":{"line":65,"column":39},"end":{"line":65,"column":43}},{"start":{"line":65,"column":46},"end":{"line":65,"column":72}}],"line":65},"5":{"loc":{"start":{"line":72,"column":22},"end":{"line":72,"column":59}},"type":"cond-expr","locations":[{"start":{"line":72,"column":46},"end":{"line":72,"column":47}},{"start":{"line":72,"column":50},"end":{"line":72,"column":59}}],"line":72},"6":{"loc":{"start":{"line":73,"column":25},"end":{"line":73,"column":62}},"type":"cond-expr","locations":[{"start":{"line":73,"column":49},"end":{"line":73,"column":50}},{"start":{"line":73,"column":53},"end":{"line":73,"column":62}}],"line":73},"7":{"loc":{"start":{"line":116,"column":11},"end":{"line":116,"column":50}},"type":"cond-expr","locations":[{"start":{"line":116,"column":35},"end":{"line":116,"column":38}},{"start":{"line":116,"column":41},"end":{"line":116,"column":50}}],"line":116}},"s":{"0":0,"1":0},"f":{"0":0},"b":{"0":[0],"1":[0,0],"2":[0,0],"3":[0,0],"4":[0,0],"5":[0,0],"6":[0,0],"7":[0,0]},"_coverageSchema":"332fd63041d2c1bcb487cc26dd0d5f7d97098a6c","hash":"e6106a92d9c03fe043919cebfa0c2c5f11b72198"}
,"C:\\Users\\RedLefty\\aa\\Fyt\\fytProject\\native-base-theme\\components\\Label.js": {"path":"C:\\Users\\RedLefty\\aa\\Fyt\\fytProject\\native-base-theme\\components\\Label.js","statementMap":{"0":{"start":{"line":6,"column":21},"end":{"line":11,"column":3}},"1":{"start":{"line":13,"column":2},"end":{"line":13,"column":20}}},"fnMap":{"0":{"name":"(anonymous_0)","decl":{"start":{"line":5,"column":15},"end":{"line":5,"column":16}},"loc":{"start":{"line":5,"column":50},"end":{"line":14,"column":1}},"line":5}},"branchMap":{"0":{"loc":{"start":{"line":5,"column":16},"end":{"line":5,"column":45}},"type":"default-arg","locations":[{"start":{"line":5,"column":37},"end":{"line":5,"column":45}}],"line":5}},"s":{"0":0,"1":0},"f":{"0":0},"b":{"0":[0]},"_coverageSchema":"332fd63041d2c1bcb487cc26dd0d5f7d97098a6c","hash":"e283fcd0acd7bf700868966c091169a9f5d287bf"}
,"C:\\Users\\RedLefty\\aa\\Fyt\\fytProject\\native-base-theme\\components\\Left.js": {"path":"C:\\Users\\RedLefty\\aa\\Fyt\\fytProject\\native-base-theme\\components\\Left.js","statementMap":{"0":{"start":{"line":6,"column":20},"end":{"line":10,"column":3}},"1":{"start":{"line":12,"column":2},"end":{"line":12,"column":19}}},"fnMap":{"0":{"name":"(anonymous_0)","decl":{"start":{"line":5,"column":15},"end":{"line":5,"column":16}},"loc":{"start":{"line":5,"column":50},"end":{"line":13,"column":1}},"line":5}},"branchMap":{"0":{"loc":{"start":{"line":5,"column":16},"end":{"line":5,"column":45}},"type":"default-arg","locations":[{"start":{"line":5,"column":37},"end":{"line":5,"column":45}}],"line":5}},"s":{"0":0,"1":0},"f":{"0":0},"b":{"0":[0]},"_coverageSchema":"332fd63041d2c1bcb487cc26dd0d5f7d97098a6c","hash":"1d4cc385945c1bd0bf01a2f1d331cb3dc543a020"}
,"C:\\Users\\RedLefty\\aa\\Fyt\\fytProject\\native-base-theme\\components\\ListItem.js": {"path":"C:\\Users\\RedLefty\\aa\\Fyt\\fytProject\\native-base-theme\\components\\ListItem.js","statementMap":{"0":{"start":{"line":9,"column":19},"end":{"line":9,"column":37}},"1":{"start":{"line":10,"column":24},"end":{"line":17,"column":3}},"2":{"start":{"line":19,"column":24},"end":{"line":441,"column":3}},"3":{"start":{"line":443,"column":2},"end":{"line":443,"column":23}}},"fnMap":{"0":{"name":"(anonymous_0)","decl":{"start":{"line":8,"column":15},"end":{"line":8,"column":16}},"loc":{"start":{"line":8,"column":50},"end":{"line":444,"column":1}},"line":8}},"branchMap":{"0":{"loc":{"start":{"line":8,"column":16},"end":{"line":8,"column":45}},"type":"default-arg","locations":[{"start":{"line":8,"column":37},"end":{"line":8,"column":45}}],"line":8},"1":{"loc":{"start":{"line":41,"column":12},"end":{"line":43,"column":42}},"type":"cond-expr","locations":[{"start":{"line":42,"column":16},"end":{"line":42,"column":43}},{"start":{"line":43,"column":16},"end":{"line":43,"column":42}}],"line":41},"2":{"loc":{"start":{"line":60,"column":16},"end":{"line":60,"column":44}},"type":"cond-expr","locations":[{"start":{"line":60,"column":37},"end":{"line":60,"column":39}},{"start":{"line":60,"column":42},"end":{"line":60,"column":44}}],"line":60},"3":{"loc":{"start":{"line":71,"column":23},"end":{"line":71,"column":53}},"type":"cond-expr","locations":[{"start":{"line":71,"column":44},"end":{"line":71,"column":46}},{"start":{"line":71,"column":49},"end":{"line":71,"column":53}}],"line":71},"4":{"loc":{"start":{"line":73,"column":27},"end":{"line":73,"column":64}},"type":"cond-expr","locations":[{"start":{"line":73,"column":48},"end":{"line":73,"column":57}},{"start":{"line":73,"column":60},"end":{"line":73,"column":64}}],"line":73},"5":{"loc":{"start":{"line":74,"column":15},"end":{"line":74,"column":49}},"type":"cond-expr","locations":[{"start":{"line":74,"column":36},"end":{"line":74,"column":45}},{"start":{"line":74,"column":48},"end":{"line":74,"column":49}}],"line":74},"6":{"loc":{"start":{"line":75,"column":16},"end":{"line":75,"column":50}},"type":"cond-expr","locations":[{"start":{"line":75,"column":37},"end":{"line":75,"column":46}},{"start":{"line":75,"column":49},"end":{"line":75,"column":50}}],"line":75},"7":{"loc":{"start":{"line":94,"column":25},"end":{"line":94,"column":74}},"type":"cond-expr","locations":[{"start":{"line":94,"column":46},"end":{"line":94,"column":67}},{"start":{"line":94,"column":70},"end":{"line":94,"column":74}}],"line":94},"8":{"loc":{"start":{"line":99,"column":8},"end":{"line":99,"column":71}},"type":"cond-expr","locations":[{"start":{"line":99,"column":29},"end":{"line":99,"column":59}},{"start":{"line":99,"column":62},"end":{"line":99,"column":71}}],"line":99},"9":{"loc":{"start":{"line":101,"column":8},"end":{"line":101,"column":75}},"type":"cond-expr","locations":[{"start":{"line":101,"column":33},"end":{"line":101,"column":63}},{"start":{"line":101,"column":66},"end":{"line":101,"column":75}}],"line":101},"10":{"loc":{"start":{"line":106,"column":15},"end":{"line":106,"column":71}},"type":"cond-expr","locations":[{"start":{"line":106,"column":36},"end":{"line":106,"column":45}},{"start":{"line":106,"column":48},"end":{"line":106,"column":71}}],"line":106},"11":{"loc":{"start":{"line":395,"column":23},"end":{"line":395,"column":61}},"type":"cond-expr","locations":[{"start":{"line":395,"column":47},"end":{"line":395,"column":56}},{"start":{"line":395,"column":59},"end":{"line":395,"column":61}}],"line":395}},"s":{"0":0,"1":0,"2":0,"3":0},"f":{"0":0},"b":{"0":[0],"1":[0,0],"2":[0,0],"3":[0,0],"4":[0,0],"5":[0,0],"6":[0,0],"7":[0,0],"8":[0,0],"9":[0,0],"10":[0,0],"11":[0,0]},"_coverageSchema":"332fd63041d2c1bcb487cc26dd0d5f7d97098a6c","hash":"8fb7180b5e166e665d1dfc3c40eac6dbd3089265"}
,"C:\\Users\\RedLefty\\aa\\Fyt\\fytProject\\native-base-theme\\components\\Picker.ios.js": {"path":"C:\\Users\\RedLefty\\aa\\Fyt\\fytProject\\native-base-theme\\components\\Picker.ios.js","statementMap":{"0":{"start":{"line":6,"column":22},"end":{"line":6,"column":24}},"1":{"start":{"line":8,"column":2},"end":{"line":8,"column":21}}},"fnMap":{"0":{"name":"(anonymous_0)","decl":{"start":{"line":5,"column":15},"end":{"line":5,"column":16}},"loc":{"start":{"line":5,"column":50},"end":{"line":9,"column":1}},"line":5}},"branchMap":{"0":{"loc":{"start":{"line":5,"column":16},"end":{"line":5,"column":45}},"type":"default-arg","locations":[{"start":{"line":5,"column":37},"end":{"line":5,"column":45}}],"line":5}},"s":{"0":0,"1":0},"f":{"0":0},"b":{"0":[0]},"_coverageSchema":"332fd63041d2c1bcb487cc26dd0d5f7d97098a6c","hash":"f6a4e21c8b039b04613007c360df3bfd1ac34c89"}
,"C:\\Users\\RedLefty\\aa\\Fyt\\fytProject\\native-base-theme\\components\\Radio.js": {"path":"C:\\Users\\RedLefty\\aa\\Fyt\\fytProject\\native-base-theme\\components\\Radio.js","statementMap":{"0":{"start":{"line":8,"column":21},"end":{"line":25,"column":3}},"1":{"start":{"line":27,"column":2},"end":{"line":27,"column":20}}},"fnMap":{"0":{"name":"(anonymous_0)","decl":{"start":{"line":7,"column":15},"end":{"line":7,"column":16}},"loc":{"start":{"line":7,"column":50},"end":{"line":28,"column":1}},"line":7}},"branchMap":{"0":{"loc":{"start":{"line":7,"column":16},"end":{"line":7,"column":45}},"type":"default-arg","locations":[{"start":{"line":7,"column":37},"end":{"line":7,"column":45}}],"line":7},"1":{"loc":{"start":{"line":12,"column":10},"end":{"line":14,"column":49}},"type":"cond-expr","locations":[{"start":{"line":13,"column":14},"end":{"line":13,"column":34}},{"start":{"line":14,"column":14},"end":{"line":14,"column":49}}],"line":12},"2":{"loc":{"start":{"line":15,"column":20},"end":{"line":15,"column":77}},"type":"cond-expr","locations":[{"start":{"line":15,"column":44},"end":{"line":15,"column":46}},{"start":{"line":15,"column":49},"end":{"line":15,"column":77}}],"line":15},"3":{"loc":{"start":{"line":16,"column":16},"end":{"line":16,"column":54}},"type":"cond-expr","locations":[{"start":{"line":16,"column":40},"end":{"line":16,"column":42}},{"start":{"line":16,"column":45},"end":{"line":16,"column":54}}],"line":16},"4":{"loc":{"start":{"line":20,"column":13},"end":{"line":20,"column":62}},"type":"cond-expr","locations":[{"start":{"line":20,"column":37},"end":{"line":20,"column":50}},{"start":{"line":20,"column":53},"end":{"line":20,"column":62}}],"line":20},"5":{"loc":{"start":{"line":22,"column":8},"end":{"line":22,"column":72}},"type":"cond-expr","locations":[{"start":{"line":22,"column":32},"end":{"line":22,"column":41}},{"start":{"line":22,"column":44},"end":{"line":22,"column":72}}],"line":22},"6":{"loc":{"start":{"line":23,"column":16},"end":{"line":23,"column":74}},"type":"cond-expr","locations":[{"start":{"line":23,"column":40},"end":{"line":23,"column":49}},{"start":{"line":23,"column":52},"end":{"line":23,"column":74}}],"line":23}},"s":{"0":0,"1":0},"f":{"0":0},"b":{"0":[0],"1":[0,0],"2":[0,0],"3":[0,0],"4":[0,0],"5":[0,0],"6":[0,0]},"_coverageSchema":"332fd63041d2c1bcb487cc26dd0d5f7d97098a6c","hash":"b41bf56f8dfa117f942b1373c3703aca5431623f"}
,"C:\\Users\\RedLefty\\aa\\Fyt\\fytProject\\native-base-theme\\components\\Right.js": {"path":"C:\\Users\\RedLefty\\aa\\Fyt\\fytProject\\native-base-theme\\components\\Right.js","statementMap":{"0":{"start":{"line":6,"column":21},"end":{"line":13,"column":3}},"1":{"start":{"line":15,"column":2},"end":{"line":15,"column":20}}},"fnMap":{"0":{"name":"(anonymous_0)","decl":{"start":{"line":5,"column":15},"end":{"line":5,"column":16}},"loc":{"start":{"line":5,"column":50},"end":{"line":16,"column":1}},"line":5}},"branchMap":{"0":{"loc":{"start":{"line":5,"column":16},"end":{"line":5,"column":45}},"type":"default-arg","locations":[{"start":{"line":5,"column":37},"end":{"line":5,"column":45}}],"line":5}},"s":{"0":0,"1":0},"f":{"0":0},"b":{"0":[0]},"_coverageSchema":"332fd63041d2c1bcb487cc26dd0d5f7d97098a6c","hash":"365d73f946e4bc200cbeed349eec66700a08299f"}
[...]
,"C:\\Users\\RedLefty\\aa\\Fyt\\fytProject\\native-base-theme\\variables\\platform.js": {"path":"C:\\Users\\RedLefty\\aa\\Fyt\\fytProject\\native-base-theme\\variables\\platform.js","statementMap":{"0":{"start":{"line":11,"column":21},"end":{"line":11,"column":52}},"1":{"start":{"line":12,"column":20},"end":{"line":12,"column":50}},"2":{"start":{"line":13,"column":17},"end":{"line":13,"column":28}},"3":{"start":{"line":14,"column":22},"end":{"line":14,"column":31}},"4":{"start":{"line":16,"column":2},"end":{"line":16,"column":69}},"5":{"start":{"line":45,"column":4},"end":{"line":45,"column":29}},"6":{"start":{"line":48,"column":4},"end":{"line":48,"column":33}},"7":{"start":{"line":51,"column":4},"end":{"line":51,"column":26}},"8":{"start":{"line":54,"column":4},"end":{"line":54,"column":33}},"9":{"start":{"line":57,"column":4},"end":{"line":57,"column":29}},"10":{"start":{"line":60,"column":4},"end":{"line":60,"column":33}},"11":{"start":{"line":63,"column":4},"end":{"line":63,"column":28}},"12":{"start":{"line":66,"column":4},"end":{"line":66,"column":33}},"13":{"start":{"line":69,"column":4},"end":{"line":69,"column":29}},"14":{"start":{"line":72,"column":4},"end":{"line":72,"column":33}},"15":{"start":{"line":75,"column":4},"end":{"line":75,"column":80}},"16":{"start":{"line":78,"column":4},"end":{"line":78,"column":35}},"17":{"start":{"line":81,"column":4},"end":{"line":81,"column":35}},"18":{"start":{"line":84,"column":4},"end":{"line":84,"column":35}},"19":{"start":{"line":87,"column":4},"end":{"line":87,"column":35}},"20":{"start":{"line":90,"column":4},"end":{"line":90,"column":35}},"21":{"start":{"line":132,"column":4},"end":{"line":132,"column":35}},"22":{"start":{"line":135,"column":4},"end":{"line":135,"column":35}},"23":{"start":{"line":138,"column":4},"end":{"line":138,"column":35}},"24":{"start":{"line":166,"column":4},"end":{"line":168,"column":13}},"25":{"start":{"line":171,"column":4},"end":{"line":173,"column":13}},"26":{"start":{"line":188,"column":4},"end":{"line":188,"column":26}},"27":{"start":{"line":191,"column":4},"end":{"line":191,"column":21}},"28":{"start":{"line":220,"column":4},"end":{"line":220,"column":29}},"29":{"start":{"line":251,"column":4},"end":{"line":251,"column":26}}},"fnMap":{},"branchMap":{"0":{"loc":{"start":{"line":16,"column":2},"end":{"line":16,"column":69}},"type":"binary-expr","locations":[{"start":{"line":16,"column":2},"end":{"line":16,"column":20}},{"start":{"line":16,"column":25},"end":{"line":16,"column":45}},{"start":{"line":16,"column":49},"end":{"line":16,"column":68}}],"line":16},"1":{"loc":{"start":{"line":38,"column":16},"end":{"line":38,"column":42}},"type":"cond-expr","locations":[{"start":{"line":38,"column":37},"end":{"line":38,"column":38}},{"start":{"line":38,"column":41},"end":{"line":38,"column":42}}],"line":38},"2":{"loc":{"start":{"line":41,"column":17},"end":{"line":41,"column":64}},"type":"cond-expr","locations":[{"start":{"line":41,"column":38},"end":{"line":41,"column":46}},{"start":{"line":41,"column":49},"end":{"line":41,"column":64}}],"line":41},"3":{"loc":{"start":{"line":75,"column":11},"end":{"line":75,"column":79}},"type":"cond-expr","locations":[{"start":{"line":75,"column":32},"end":{"line":75,"column":55}},{"start":{"line":75,"column":58},"end":{"line":75,"column":79}}],"line":75},"4":{"loc":{"start":{"line":97,"column":19},"end":{"line":97,"column":47}},"type":"cond-expr","locations":[{"start":{"line":97,"column":40},"end":{"line":97,"column":42}},{"start":{"line":97,"column":45},"end":{"line":97,"column":47}}],"line":97},"5":{"loc":{"start":{"line":100,"column":18},"end":{"line":100,"column":45}},"type":"cond-expr","locations":[{"start":{"line":100,"column":39},"end":{"line":100,"column":41}},{"start":{"line":100,"column":44},"end":{"line":100,"column":45}}],"line":100},"6":{"loc":{"start":{"line":101,"column":23},"end":{"line":101,"column":49}},"type":"cond-expr","locations":[{"start":{"line":101,"column":44},"end":{"line":101,"column":45}},{"start":{"line":101,"column":48},"end":{"line":101,"column":49}}],"line":101},"7":{"loc":{"start":{"line":102,"column":23},"end":{"line":102,"column":49}},"type":"cond-expr","locations":[{"start":{"line":102,"column":44},"end":{"line":102,"column":45}},{"start":{"line":102,"column":48},"end":{"line":102,"column":49}}],"line":102},"8":{"loc":{"start":{"line":103,"column":25},"end":{"line":103,"column":51}},"type":"cond-expr","locations":[{"start":{"line":103,"column":46},"end":{"line":103,"column":47}},{"start":{"line":103,"column":50},"end":{"line":103,"column":51}}],"line":103},"9":{"loc":{"start":{"line":104,"column":20},"end":{"line":104,"column":48}},"type":"cond-expr","locations":[{"start":{"line":104,"column":41},"end":{"line":104,"column":43}},{"start":{"line":104,"column":46},"end":{"line":104,"column":48}}],"line":104},"10":{"loc":{"start":{"line":105,"column":25},"end":{"line":105,"column":59}},"type":"cond-expr","locations":[{"start":{"line":105,"column":46},"end":{"line":105,"column":55}},{"start":{"line":105,"column":58},"end":{"line":105,"column":59}}],"line":105},"11":{"loc":{"start":{"line":106,"column":20},"end":{"line":106,"column":54}},"type":"cond-expr","locations":[{"start":{"line":106,"column":41},"end":{"line":106,"column":49}},{"start":{"line":106,"column":52},"end":{"line":106,"column":54}}],"line":106},"12":{"loc":{"start":{"line":112,"column":16},"end":{"line":112,"column":60}},"type":"cond-expr","locations":[{"start":{"line":112,"column":37},"end":{"line":112,"column":46}},{"start":{"line":112,"column":49},"end":{"line":112,"column":60}}],"line":112},"13":{"loc":{"start":{"line":129,"column":14},"end":{"line":129,"column":54}},"type":"cond-expr","locations":[{"start":{"line":129,"column":35},"end":{"line":129,"column":43}},{"start":{"line":129,"column":46},"end":{"line":129,"column":54}}],"line":129},"14":{"loc":{"start":{"line":143,"column":19},"end":{"line":143,"column":63}},"type":"cond-expr","locations":[{"start":{"line":143,"column":40},"end":{"line":143,"column":49}},{"start":{"line":143,"column":52},"end":{"line":143,"column":63}}],"line":143},"15":{"loc":{"start":{"line":147,"column":19},"end":{"line":147,"column":58}},"type":"cond-expr","locations":[{"start":{"line":147,"column":40},"end":{"line":147,"column":49}},{"start":{"line":147,"column":52},"end":{"line":147,"column":58}}],"line":147},"16":{"loc":{"start":{"line":148,"column":18},"end":{"line":148,"column":46}},"type":"cond-expr","locations":[{"start":{"line":148,"column":39},"end":{"line":148,"column":41}},{"start":{"line":148,"column":44},"end":{"line":148,"column":46}}],"line":148},"17":{"loc":{"start":{"line":149,"column":13},"end":{"line":149,"column":52}},"type":"cond-expr","locations":[{"start":{"line":149,"column":34},"end":{"line":149,"column":43}},{"start":{"line":149,"column":46},"end":{"line":149,"column":52}}],"line":149},"18":{"loc":{"start":{"line":151,"column":25},"end":{"line":151,"column":64}},"type":"cond-expr","locations":[{"start":{"line":151,"column":46},"end":{"line":151,"column":55}},{"start":{"line":151,"column":58},"end":{"line":151,"column":64}}],"line":151},"19":{"loc":{"start":{"line":152,"column":20},"end":{"line":152,"column":66}},"type":"cond-expr","locations":[{"start":{"line":152,"column":41},"end":{"line":152,"column":50}},{"start":{"line":152,"column":53},"end":{"line":152,"column":66}}],"line":152},"20":{"loc":{"start":{"line":155,"column":19},"end":{"line":155,"column":58}},"type":"cond-expr","locations":[{"start":{"line":155,"column":40},"end":{"line":155,"column":49}},{"start":{"line":155,"column":52},"end":{"line":155,"column":58}}],"line":155},"21":{"loc":{"start":{"line":156,"column":20},"end":{"line":156,"column":62}},"type":"cond-expr","locations":[{"start":{"line":156,"column":41},"end":{"line":156,"column":50}},{"start":{"line":156,"column":53},"end":{"line":156,"column":62}}],"line":156},"22":{"loc":{"start":{"line":157,"column":17},"end":{"line":157,"column":45}},"type":"cond-expr","locations":[{"start":{"line":157,"column":38},"end":{"line":157,"column":40}},{"start":{"line":157,"column":43},"end":{"line":157,"column":45}}],"line":157},"23":{"loc":{"start":{"line":158,"column":25},"end":{"line":158,"column":53}},"type":"cond-expr","locations":[{"start":{"line":158,"column":46},"end":{"line":158,"column":48}},{"start":{"line":158,"column":51},"end":{"line":158,"column":53}}],"line":158},"24":{"loc":{"start":{"line":159,"column":21},"end":{"line":159,"column":60}},"type":"cond-expr","locations":[{"start":{"line":159,"column":42},"end":{"line":159,"column":51}},{"start":{"line":159,"column":54},"end":{"line":159,"column":60}}],"line":159},"25":{"loc":{"start":{"line":160,"column":19},"end":{"line":160,"column":47}},"type":"cond-expr","locations":[{"start":{"line":160,"column":40},"end":{"line":160,"column":42}},{"start":{"line":160,"column":45},"end":{"line":160,"column":47}}],"line":160},"26":{"loc":{"start":{"line":161,"column":24},"end":{"line":161,"column":52}},"type":"cond-expr","locations":[{"start":{"line":161,"column":45},"end":{"line":161,"column":47}},{"start":{"line":161,"column":50},"end":{"line":161,"column":52}}],"line":161},"27":{"loc":{"start":{"line":162,"column":23},"end":{"line":162,"column":62}},"type":"cond-expr","locations":[{"start":{"line":162,"column":44},"end":{"line":162,"column":53}},{"start":{"line":162,"column":56},"end":{"line":162,"column":62}}],"line":162},"28":{"loc":{"start":{"line":163,"column":24},"end":{"line":163,"column":66}},"type":"cond-expr","locations":[{"start":{"line":163,"column":45},"end":{"line":163,"column":54}},{"start":{"line":163,"column":57},"end":{"line":163,"column":66}}],"line":163},"29":{"loc":{"start":{"line":164,"column":16},"end":{"line":164,"column":69}},"type":"cond-expr","locations":[{"start":{"line":164,"column":37},"end":{"line":164,"column":51}},{"start":{"line":164,"column":54},"end":{"line":164,"column":69}}],"line":164},"30":{"loc":{"start":{"line":178,"column":16},"end":{"line":178,"column":44}},"type":"cond-expr","locations":[{"start":{"line":178,"column":37},"end":{"line":178,"column":39}},{"start":{"line":178,"column":42},"end":{"line":178,"column":44}}],"line":178},"31":{"loc":{"start":{"line":179,"column":18},"end":{"line":179,"column":46}},"type":"cond-expr","locations":[{"start":{"line":179,"column":39},"end":{"line":179,"column":41}},{"start":{"line":179,"column":44},"end":{"line":179,"column":46}}],"line":179},"32":{"loc":{"start":{"line":199,"column":14},"end":{"line":199,"column":42}},"type":"cond-expr","locations":[{"start":{"line":199,"column":35},"end":{"line":199,"column":37}},{"start":{"line":199,"column":40},"end":{"line":199,"column":42}}],"line":199},"33":{"loc":{"start":{"line":200,"column":20},"end":{"line":200,"column":62}},"type":"cond-expr","locations":[{"start":{"line":200,"column":41},"end":{"line":200,"column":50}},{"start":{"line":200,"column":53},"end":{"line":200,"column":62}}],"line":200},"34":{"loc":{"start":{"line":207,"column":19},"end":{"line":207,"column":47}},"type":"cond-expr","locations":[{"start":{"line":207,"column":40},"end":{"line":207,"column":42}},{"start":{"line":207,"column":45},"end":{"line":207,"column":47}}],"line":207},"35":{"loc":{"start":{"line":216,"column":16},"end":{"line":216,"column":44}},"type":"cond-expr","locations":[{"start":{"line":216,"column":37},"end":{"line":216,"column":39}},{"start":{"line":216,"column":42},"end":{"line":216,"column":44}}],"line":216},"36":{"loc":{"start":{"line":218,"column":22},"end":{"line":218,"column":50}},"type":"cond-expr","locations":[{"start":{"line":218,"column":43},"end":{"line":218,"column":45}},{"start":{"line":218,"column":48},"end":{"line":218,"column":50}}],"line":218},"37":{"loc":{"start":{"line":224,"column":26},"end":{"line":224,"column":68}},"type":"cond-expr","locations":[{"start":{"line":224,"column":47},"end":{"line":224,"column":56}},{"start":{"line":224,"column":59},"end":{"line":224,"column":68}}],"line":224},"38":{"loc":{"start":{"line":225,"column":32},"end":{"line":225,"column":71}},"type":"cond-expr","locations":[{"start":{"line":225,"column":53},"end":{"line":225,"column":62}},{"start":{"line":225,"column":65},"end":{"line":225,"column":71}}],"line":225},"39":{"loc":{"start":{"line":226,"column":20},"end":{"line":226,"column":59}},"type":"cond-expr","locations":[{"start":{"line":226,"column":41},"end":{"line":226,"column":50}},{"start":{"line":226,"column":53},"end":{"line":226,"column":59}}],"line":226},"40":{"loc":{"start":{"line":227,"column":26},"end":{"line":227,"column":65}},"type":"cond-expr","locations":[{"start":{"line":227,"column":47},"end":{"line":227,"column":53}},{"start":{"line":227,"column":56},"end":{"line":227,"column":65}}],"line":227},"41":{"loc":{"start":{"line":228,"column":22},"end":{"line":228,"column":61}},"type":"cond-expr","locations":[{"start":{"line":228,"column":43},"end":{"line":228,"column":52}},{"start":{"line":228,"column":55},"end":{"line":228,"column":61}}],"line":228},"42":{"loc":{"start":{"line":229,"column":26},"end":{"line":229,"column":68}},"type":"cond-expr","locations":[{"start":{"line":229,"column":47},"end":{"line":229,"column":56}},{"start":{"line":229,"column":59},"end":{"line":229,"column":68}}],"line":229},"43":{"loc":{"start":{"line":236,"column":16},"end":{"line":236,"column":58}},"type":"cond-expr","locations":[{"start":{"line":236,"column":37},"end":{"line":236,"column":46}},{"start":{"line":236,"column":49},"end":{"line":236,"column":58}}],"line":236},"44":{"loc":{"start":{"line":237,"column":22},"end":{"line":237,"column":64}},"type":"cond-expr","locations":[{"start":{"line":237,"column":43},"end":{"line":237,"column":52}},{"start":{"line":237,"column":55},"end":{"line":237,"column":64}}],"line":237},"45":{"loc":{"start":{"line":238,"column":28},"end":{"line":238,"column":67}},"type":"cond-expr","locations":[{"start":{"line":238,"column":49},"end":{"line":238,"column":58}},{"start":{"line":238,"column":61},"end":{"line":238,"column":67}}],"line":238},"46":{"loc":{"start":{"line":239,"column":24},"end":{"line":239,"column":63}},"type":"cond-expr","locations":[{"start":{"line":239,"column":45},"end":{"line":239,"column":54}},{"start":{"line":239,"column":57},"end":{"line":239,"column":63}}],"line":239},"47":{"loc":{"start":{"line":240,"column":30},"end":{"line":240,"column":69}},"type":"cond-expr","locations":[{"start":{"line":240,"column":51},"end":{"line":240,"column":60}},{"start":{"line":240,"column":63},"end":{"line":240,"column":69}}],"line":240},"48":{"loc":{"start":{"line":255,"column":19},"end":{"line":255,"column":66}},"type":"cond-expr","locations":[{"start":{"line":255,"column":40},"end":{"line":255,"column":48}},{"start":{"line":255,"column":51},"end":{"line":255,"column":66}}],"line":255},"49":{"loc":{"start":{"line":256,"column":17},"end":{"line":256,"column":45}},"type":"cond-expr","locations":[{"start":{"line":256,"column":38},"end":{"line":256,"column":40}},{"start":{"line":256,"column":43},"end":{"line":256,"column":45}}],"line":256},"50":{"loc":{"start":{"line":257,"column":20},"end":{"line":257,"column":48}},"type":"cond-expr","locations":[{"start":{"line":257,"column":41},"end":{"line":257,"column":43}},{"start":{"line":257,"column":46},"end":{"line":257,"column":48}}],"line":257},"51":{"loc":{"start":{"line":258,"column":17},"end":{"line":258,"column":56}},"type":"cond-expr","locations":[{"start":{"line":258,"column":38},"end":{"line":258,"column":47}},{"start":{"line":258,"column":50},"end":{"line":258,"column":56}}],"line":258},"52":{"loc":{"start":{"line":259,"column":18},"end":{"line":259,"column":54}},"type":"cond-expr","locations":[{"start":{"line":259,"column":39},"end":{"line":259,"column":45}},{"start":{"line":259,"column":48},"end":{"line":259,"column":54}}],"line":259},"53":{"loc":{"start":{"line":262,"column":20},"end":{"line":262,"column":46}},"type":"cond-expr","locations":[{"start":{"line":262,"column":41},"end":{"line":262,"column":42}},{"start":{"line":262,"column":45},"end":{"line":262,"column":46}}],"line":262}},"s":{"0":1,"1":1,"2":1,"3":1,"4":1,"5":0,"6":0,"7":0,"8":0,"9":0,"10":0,"11":0,"12":0,"13":0,"14":0,"15":0,"16":0,"17":0,"18":0,"19":0,"20":0,"21":0,"22":0,"23":0,"24":0,"25":0,"26":0,"27":0,"28":0,"29":0},"f":{},"b":{"0":[1,1,1],"1":[1,0],"2":[1,0],"3":[0,0],"4":[1,0],"5":[1,0],"6":[1,0],"7":[1,0],"8":[1,0],"9":[1,0],"10":[1,0],"11":[1,0],"12":[1,0],"13":[1,0],"14":[1,0],"15":[1,0],"16":[1,0],"17":[1,0],"18":[1,0],"19":[1,0],"20":[1,0],"21":[1,0],"22":[1,0],"23":[1,0],"24":[1,0],"25":[1,0],"26":[1,0],"27":[1,0],"28":[1,0],"29":[1,0],"30":[1,0],"31":[1,0],"32":[1,0],"33":[1,0],"34":[1,0],"35":[1,0],"36":[1,0],"37":[1,0],"38":[1,0],"39":[1,0],"40":[1,0],"41":[1,0],"42":[1,0],"43":[1,0],"44":[1,0],"45":[1,0],"46":[1,0],"47":[1,0],"48":[1,0],"49":[1,0],"50":[1,0],"51":[1,0],"52":[1,0],"53":[1,0]},"_coverageSchema":"332fd63041d2c1bcb487cc26dd0d5f7d97098a6c","hash":"dccfac9acc4d8aaa783b9695b0402752cfa5cc97"}
,"C:\\Users\\RedLefty\\aa\\Fyt\\fytProject\\reducers\\ProfileReducer.js": {"path":"C:\\Users\\RedLefty\\aa\\Fyt\\fytProject\\reducers\\ProfileReducer.js","statementMap":{"0":{"start":{"line":3,"column":21},"end":{"line":3,"column":34}},"1":{"start":{"line":6,"column":2},"end":{"line":29,"column":3}},"2":{"start":{"line":8,"column":6},"end":{"line":11,"column":8}},"3":{"start":{"line":13,"column":6},"end":{"line":16,"column":8}},"4":{"start":{"line":18,"column":6},"end":{"line":21,"column":8}},"5":{"start":{"line":23,"column":6},"end":{"line":26,"column":8}},"6":{"start":{"line":28,"column":6},"end":{"line":28,"column":19}}},"fnMap":{"0":{"name":"profileReducer","decl":{"start":{"line":5,"column":24},"end":{"line":5,"column":38}},"loc":{"start":{"line":5,"column":69},"end":{"line":30,"column":1}},"line":5}},"branchMap":{"0":{"loc":{"start":{"line":5,"column":39},"end":{"line":5,"column":59}},"type":"default-arg","locations":[{"start":{"line":5,"column":47},"end":{"line":5,"column":59}}],"line":5},"1":{"loc":{"start":{"line":6,"column":2},"end":{"line":29,"column":3}},"type":"switch","locations":[{"start":{"line":7,"column":4},"end":{"line":11,"column":8}},{"start":{"line":12,"column":4},"end":{"line":16,"column":8}},{"start":{"line":17,"column":4},"end":{"line":21,"column":8}},{"start":{"line":22,"column":4},"end":{"line":26,"column":8}},{"start":{"line":27,"column":4},"end":{"line":28,"column":19}}],"line":6}},"s":{"0":1,"1":3,"2":0,"3":0,"4":0,"5":0,"6":3},"f":{"0":3},"b":{"0":[3],"1":[0,0,0,0,3]},"_coverageSchema":"332fd63041d2c1bcb487cc26dd0d5f7d97098a6c","hash":"0e70f7bf38a29f8fea178bb8a96064fe0bdfd95d"}
,"C:\\Users\\RedLefty\\aa\\Fyt\\fytProject\\reducers\\WorkoutReducer.js": {"path":"C:\\Users\\RedLefty\\aa\\Fyt\\fytProject\\reducers\\WorkoutReducer.js","statementMap":{"0":{"start":{"line":3,"column":21},"end":{"line":3,"column":34}},"1":{"start":{"line":6,"column":2},"end":{"line":32,"column":3}},"2":{"start":{"line":8,"column":6},"end":{"line":17,"column":8}},"3":{"start":{"line":19,"column":6},"end":{"line":29,"column":8}},"4":{"start":{"line":31,"column":6},"end":{"line":31,"column":19}}},"fnMap":{"0":{"name":"workoutReducer","decl":{"start":{"line":5,"column":24},"end":{"line":5,"column":38}},"loc":{"start":{"line":5,"column":69},"end":{"line":33,"column":1}},"line":5}},"branchMap":{"0":{"loc":{"start":{"line":5,"column":39},"end":{"line":5,"column":59}},"type":"default-arg","locations":[{"start":{"line":5,"column":47},"end":{"line":5,"column":59}}],"line":5},"1":{"loc":{"start":{"line":6,"column":2},"end":{"line":32,"column":3}},"type":"switch","locations":[{"start":{"line":7,"column":4},"end":{"line":17,"column":8}},{"start":{"line":18,"column":4},"end":{"line":29,"column":8}},{"start":{"line":30,"column":4},"end":{"line":31,"column":19}}],"line":6}},"s":{"0":1,"1":3,"2":0,"3":0,"4":3},"f":{"0":3},"b":{"0":[3],"1":[0,0,3]},"_coverageSchema":"332fd63041d2c1bcb487cc26dd0d5f7d97098a6c","hash":"b857a83680ef95dd2ce77d0bf913bb3d6e29adf6"}
}
