TN:
SF:C:\Users\RedLefty\aa\Fyt\fytProject\App.js
FN:19,(anonymous_0)
FN:24,(anonymous_1)
FN:32,(anonymous_2)
FNF:3
FNH:3
FNDA:1,(anonymous_0)
FNDA:1,(anonymous_1)
FNDA:1,(anonymous_2)
DA:7,1
DA:9,1
DA:20,1
DA:21,1
DA:22,1
DA:25,1
DA:30,0
DA:33,1
DA:34,1
DA:36,0
LF:10
LH:8
BRDA:33,0,0,1
BRDA:33,0,1,0
BRF:2
BRH:1
end_of_record
TN:
SF:C:\Users\RedLefty\aa\Fyt\fytProject\store.js
FNF:0
FNH:0
DA:8,1
DA:10,1
DA:12,1
DA:14,0
DA:15,0
DA:20,1
DA:21,1
LF:7
LH:5
BRDA:12,0,0,0
BRDA:12,0,1,1
BRDA:14,1,0,0
BRDA:14,1,1,0
BRF:4
BRH:1
end_of_record
TN:
SF:C:\Users\RedLefty\aa\Fyt\fytProject\actions\ProfileActions.js
FN:1,(anonymous_0)
FN:10,(anonymous_1)
FN:19,(anonymous_2)
FN:28,(anonymous_3)
FNF:4
FNH:0
FNDA:0,(anonymous_0)
FNDA:0,(anonymous_1)
FNDA:0,(anonymous_2)
FNDA:0,(anonymous_3)
DA:1,1
DA:2,0
DA:10,1
DA:11,0
DA:19,1
DA:20,0
DA:28,1
DA:29,0
LF:8
LH:4
BRF:0
BRH:0
end_of_record
TN:
SF:C:\Users\RedLefty\aa\Fyt\fytProject\actions\WorkoutActions.js
FN:7,(anonymous_0)
FN:8,(anonymous_1)
FN:21,(anonymous_2)
FN:22,(anonymous_3)
FNF:4
FNH:0
FNDA:0,(anonymous_0)
FNDA:0,(anonymous_1)
FNDA:0,(anonymous_2)
FNDA:0,(anonymous_3)
DA:7,1
DA:8,0
DA:9,0
DA:21,1
DA:22,0
DA:23,0
LF:6
LH:2
BRF:0
BRH:0
end_of_record
TN:
SF:C:\Users\RedLefty\aa\Fyt\fytProject\components\EditSetMenu.js
FN:18,(anonymous_0)
FN:25,(anonymous_1)
FN:31,(anonymous_2)
FN:37,(anonymous_3)
FN:51,mapStateToProps
FN:55,matchDispatchToProps
FNF:6
FNH:0
FNDA:0,(anonymous_0)
FNDA:0,(anonymous_1)
FNDA:0,(anonymous_2)
FNDA:0,(anonymous_3)
FNDA:0,mapStateToProps
FNDA:0,matchDispatchToProps
DA:8,1
DA:12,1
DA:19,0
DA:26,0
DA:27,0
DA:31,0
DA:38,0
DA:39,0
DA:40,0
DA:49,1
DA:52,0
DA:56,0
LF:12
LH:3
BRF:0
BRH:0
end_of_record
TN:
SF:C:\Users\RedLefty\aa\Fyt\fytProject\components\ExercisePanel.js
FN:21,(anonymous_0)
FN:37,(anonymous_1)
FNF:2
FNH:0
FNDA:0,(anonymous_0)
FNDA:0,(anonymous_1)
DA:7,1
DA:22,0
DA:23,0
DA:25,0
DA:32,0
DA:34,0
DA:38,0
LF:7
LH:1
BRF:0
BRH:0
end_of_record
TN:
SF:C:\Users\RedLefty\aa\Fyt\fytProject\components\Set.js
FN:41,(anonymous_0)
FN:54,(anonymous_1)
FN:60,(anonymous_2)
FNF:3
FNH:0
FNDA:0,(anonymous_0)
FNDA:0,(anonymous_1)
FNDA:0,(anonymous_2)
DA:13,1
DA:42,0
DA:55,0
DA:61,0
LF:4
LH:1
BRF:0
BRH:0
end_of_record
TN:
SF:C:\Users\RedLefty\aa\Fyt\fytProject\components\WorkoutList.js
FN:23,(anonymous_0)
FN:38,(anonymous_1)
FNF:2
FNH:0
FNDA:0,(anonymous_0)
FNDA:0,(anonymous_1)
DA:9,1
DA:24,0
DA:25,0
DA:27,0
DA:33,0
DA:35,0
DA:39,0
DA:40,0
LF:8
LH:1
BRF:0
BRH:0
end_of_record
TN:
SF:C:\Users\RedLefty\aa\Fyt\fytProject\components\Navigation\DrawerNav.js
FN:16,(anonymous_0)
FNF:1
FNH:0
FNDA:0,(anonymous_0)
DA:16,0
LF:1
LH:0
BRF:0
BRH:0
end_of_record
TN:
SF:C:\Users\RedLefty\aa\Fyt\fytProject\components\Navigation\Head.js
FN:18,(anonymous_0)
FN:25,(anonymous_1)
FNF:2
FNH:0
FNDA:0,(anonymous_0)
FNDA:0,(anonymous_1)
DA:19,0
DA:25,0
LF:2
LH:0
BRF:0
BRH:0
end_of_record
TN:
SF:C:\Users\RedLefty\aa\Fyt\fytProject\components\Navigation\SideBar.js
FN:8,(anonymous_0)
FN:14,(anonymous_1)
FN:18,(anonymous_2)
FNF:3
FNH:0
FNDA:0,(anonymous_0)
FNDA:0,(anonymous_1)
FNDA:0,(anonymous_2)
DA:6,1
DA:9,0
DA:15,0
DA:18,0
LF:4
LH:1
BRF:0
BRH:0
end_of_record
TN:
SF:C:\Users\RedLefty\aa\Fyt\fytProject\components\Navigation\TabNav.js
FN:35,(anonymous_0)
FN:43,(anonymous_1)
FN:54,(anonymous_2)
FN:65,(anonymous_3)
FN:76,(anonymous_4)
FNF:5
FNH:0
FNDA:0,(anonymous_0)
FNDA:0,(anonymous_1)
FNDA:0,(anonymous_2)
FNDA:0,(anonymous_3)
FNDA:0,(anonymous_4)
DA:36,0
DA:43,0
DA:54,0
DA:65,0
DA:76,0
LF:5
LH:0
BRF:0
BRH:0
end_of_record
TN:
SF:C:\Users\RedLefty\aa\Fyt\fytProject\components\Playlist\Controls.js
FN:44,(anonymous_0)
FN:48,(anonymous_1)
FNF:2
FNH:0
FNDA:0,(anonymous_0)
FNDA:0,(anonymous_1)
DA:5,1
DA:45,0
DA:49,0
LF:3
LH:1
BRF:0
BRH:0
end_of_record
TN:
SF:C:\Users\RedLefty\aa\Fyt\fytProject\components\Playlist\Playlist.js
FN:29,(anonymous_0)
FN:33,(anonymous_1)
FNF:2
FNH:0
FNDA:0,(anonymous_0)
FNDA:0,(anonymous_1)
DA:18,1
DA:30,0
DA:34,0
DA:35,0
LF:4
LH:1
BRF:0
BRH:0
end_of_record
TN:
SF:C:\Users\RedLefty\aa\Fyt\fytProject\components\Profile\Profile.js
FN:56,(anonymous_0)
FN:72,(anonymous_1)
FN:92,mapStateToProps
FNF:3
FNH:0
FNDA:0,(anonymous_0)
FNDA:0,(anonymous_1)
FNDA:0,mapStateToProps
DA:10,1
DA:11,1
DA:57,0
DA:58,0
DA:73,0
DA:93,0
LF:6
LH:2
BRF:0
BRH:0
end_of_record
TN:
SF:C:\Users\RedLefty\aa\Fyt\fytProject\components\SampleScreens\Diet.js
FN:16,(anonymous_0)
FNF:1
FNH:0
FNDA:0,(anonymous_0)
DA:8,1
DA:17,0
DA:18,0
LF:3
LH:1
BRF:0
BRH:0
end_of_record
TN:
SF:C:\Users\RedLefty\aa\Fyt\fytProject\components\SampleScreens\SettingsScreen.js
FN:18,(anonymous_0)
FN:28,(anonymous_1)
FNF:2
FNH:0
FNDA:0,(anonymous_0)
FNDA:0,(anonymous_1)
DA:10,1
DA:19,0
DA:20,0
DA:28,0
LF:4
LH:1
BRF:0
BRH:0
end_of_record
TN:
SF:C:\Users\RedLefty\aa\Fyt\fytProject\components\SampleScreens\UpdateProfile.js
FN:67,(anonymous_0)
FN:81,(anonymous_1)
FN:99,(anonymous_2)
FN:117,(anonymous_3)
FN:135,(anonymous_4)
FN:148,(anonymous_5)
FN:159,(anonymous_6)
FN:168,(anonymous_7)
FN:170,(anonymous_8)
FN:171,(anonymous_9)
FN:172,(anonymous_10)
FN:173,(anonymous_11)
FNF:12
FNH:0
FNDA:0,(anonymous_0)
FNDA:0,(anonymous_1)
FNDA:0,(anonymous_2)
FNDA:0,(anonymous_3)
FNDA:0,(anonymous_4)
FNDA:0,(anonymous_5)
FNDA:0,(anonymous_6)
FNDA:0,(anonymous_7)
FNDA:0,(anonymous_8)
FNDA:0,(anonymous_9)
FNDA:0,(anonymous_10)
FNDA:0,(anonymous_11)
DA:24,1
DA:68,0
DA:69,0
DA:81,0
DA:99,0
DA:117,0
DA:135,0
DA:148,0
DA:159,1
DA:160,0
DA:168,1
DA:169,0
DA:170,0
DA:171,0
DA:172,0
DA:173,0
LF:16
LH:3
BRF:0
BRH:0
end_of_record
TN:
SF:C:\Users\RedLefty\aa\Fyt\fytProject\components\containers\SetContainer.js
FN:12,(anonymous_0)
FN:20,(anonymous_1)
FN:32,(anonymous_2)
FN:41,(anonymous_3)
FN:46,(anonymous_4)
FN:62,mapStateToProps
FN:65,matchDispatchToProps
FNF:7
FNH:0
FNDA:0,(anonymous_0)
FNDA:0,(anonymous_1)
FNDA:0,(anonymous_2)
FNDA:0,(anonymous_3)
FNDA:0,(anonymous_4)
FNDA:0,mapStateToProps
FNDA:0,matchDispatchToProps
DA:13,0
DA:14,0
DA:21,0
DA:22,0
DA:26,0
DA:30,0
DA:33,0
DA:42,0
DA:47,0
DA:63,0
DA:66,0
LF:11
LH:0
BRDA:21,0,0,0
BRDA:21,0,1,0
BRF:2
BRH:0
end_of_record
TN:
SF:C:\Users\RedLefty\aa\Fyt\fytProject\components\containers\WorkoutContainer.js
FN:11,(anonymous_0)
FN:21,mapStateToProps
FN:24,matchDispatchToProps
FNF:3
FNH:0
FNDA:0,(anonymous_0)
FNDA:0,mapStateToProps
FNDA:0,matchDispatchToProps
DA:12,0
DA:22,0
DA:25,0
LF:3
LH:0
BRF:0
BRH:0
end_of_record
TN:
SF:C:\Users\RedLefty\aa\Fyt\fytProject\config\settings.js
FNF:0
FNH:0
DA:3,1
DA:4,1
DA:5,1
DA:6,1
DA:7,1
DA:8,1
DA:9,1
DA:10,1
DA:12,1
DA:18,1
LF:10
LH:10
BRF:0
BRH:0
end_of_record
TN:
SF:C:\Users\RedLefty\aa\Fyt\fytProject\config\styles.js
FNF:0
FNH:0
DA:4,1
DA:5,1
DA:6,1
DA:7,1
LF:4
LH:4
BRF:0
BRH:0
end_of_record
TN:
SF:C:\Users\RedLefty\aa\Fyt\fytProject\native-base-theme\components\Badge.js
FN:5,(anonymous_0)
FNF:1
FNH:0
FNDA:0,(anonymous_0)
DA:6,0
DA:37,0
LF:2
LH:0
BRDA:5,0,0,0
BRDA:33,1,0,0
BRDA:33,1,1,0
BRF:3
BRH:0
end_of_record
TN:
SF:C:\Users\RedLefty\aa\Fyt\fytProject\native-base-theme\components\Body.js
FN:5,(anonymous_0)
FNF:1
FNH:0
FNDA:0,(anonymous_0)
DA:6,0
DA:12,0
LF:2
LH:0
BRDA:5,0,0,0
BRF:1
BRH:0
end_of_record
TN:
SF:C:\Users\RedLefty\aa\Fyt\fytProject\native-base-theme\components\Button.js
FN:5,(anonymous_0)
FNF:1
FNH:0
FNDA:0,(anonymous_0)
DA:6,0
DA:7,0
DA:8,0
DA:19,0
DA:30,0
DA:41,0
DA:52,0
DA:63,0
DA:74,0
DA:85,0
DA:395,0
LF:11
LH:0
BRDA:5,0,0,0
BRDA:333,1,0,0
BRDA:333,1,1,0
BRDA:339,2,0,0
BRDA:339,2,1,0
BRDA:387,3,0,0
BRDA:387,3,1,0
BRDA:389,4,0,0
BRDA:389,4,1,0
BRDA:390,5,0,0
BRDA:390,5,1,0
BRDA:391,6,0,0
BRDA:391,6,1,0
BRF:13
BRH:0
end_of_record
TN:
SF:C:\Users\RedLefty\aa\Fyt\fytProject\native-base-theme\components\Card.js
FN:5,(anonymous_0)
FNF:1
FNH:0
FNDA:0,(anonymous_0)
DA:6,0
DA:36,0
LF:2
LH:0
BRDA:5,0,0,0
BRF:1
BRH:0
end_of_record
TN:
SF:C:\Users\RedLefty\aa\Fyt\fytProject\native-base-theme\components\CardItem.js
FN:6,(anonymous_0)
FNF:1
FNH:0
FNDA:0,(anonymous_0)
DA:7,0
DA:8,0
DA:26,0
DA:195,0
LF:4
LH:0
BRDA:6,0,0,0
BRDA:62,1,0,0
BRDA:62,1,1,0
BRDA:135,2,0,0
BRDA:135,2,1,0
BRDA:140,3,0,0
BRDA:140,3,1,0
BRDA:150,4,0,0
BRDA:150,4,1,0
BRDA:155,5,0,0
BRDA:155,5,1,0
BRF:11
BRH:0
end_of_record
TN:
SF:C:\Users\RedLefty\aa\Fyt\fytProject\native-base-theme\components\CheckBox.js
FN:5,(anonymous_0)
FNF:1
FNH:0
FNDA:0,(anonymous_0)
DA:6,0
DA:37,0
LF:2
LH:0
BRDA:5,0,0,0
BRF:1
BRH:0
end_of_record
TN:
SF:C:\Users\RedLefty\aa\Fyt\fytProject\native-base-theme\components\Container.js
FN:8,(anonymous_0)
FNF:1
FNH:0
FNDA:0,(anonymous_0)
DA:7,1
DA:9,0
DA:15,0
LF:3
LH:1
BRDA:8,0,0,0
BRDA:11,1,0,0
BRDA:11,1,1,0
BRF:3
BRH:0
end_of_record
TN:
SF:C:\Users\RedLefty\aa\Fyt\fytProject\native-base-theme\components\Content.js
FN:5,(anonymous_0)
FNF:1
FNH:0
FNDA:0,(anonymous_0)
DA:6,0
DA:15,0
LF:2
LH:0
BRDA:5,0,0,0
BRF:1
BRH:0
end_of_record
TN:
SF:C:\Users\RedLefty\aa\Fyt\fytProject\native-base-theme\components\Fab.js
FN:5,(anonymous_0)
FNF:1
FNH:0
FNDA:0,(anonymous_0)
DA:6,0
DA:8,0
DA:28,0
LF:3
LH:0
BRDA:5,0,0,0
BRF:1
BRH:0
end_of_record
TN:
SF:C:\Users\RedLefty\aa\Fyt\fytProject\native-base-theme\components\Footer.js
FN:5,(anonymous_0)
FNF:1
FNH:0
FNDA:0,(anonymous_0)
DA:6,0
DA:7,0
DA:9,0
DA:14,0
DA:19,0
DA:24,0
DA:117,0
LF:7
LH:0
BRDA:5,0,0,0
BRDA:104,1,0,0
BRDA:104,1,1,0
BRDA:104,2,0,0
BRDA:104,2,1,0
BRDA:108,3,0,0
BRDA:108,3,1,0
BRDA:108,4,0,0
BRDA:108,4,1,0
BRF:9
BRH:0
end_of_record
TN:
SF:C:\Users\RedLefty\aa\Fyt\fytProject\native-base-theme\components\FooterTab.js
FN:7,(anonymous_0)
FNF:1
FNH:0
FNDA:0,(anonymous_0)
DA:8,0
DA:10,0
DA:77,0
LF:3
LH:0
BRDA:7,0,0,0
BRDA:42,1,0,0
BRDA:42,1,1,0
BRDA:70,2,0,0
BRDA:70,2,1,0
BRF:5
BRH:0
end_of_record
TN:
SF:C:\Users\RedLefty\aa\Fyt\fytProject\native-base-theme\components\Form.js
FN:5,(anonymous_0)
FNF:1
FNH:0
FNDA:0,(anonymous_0)
DA:6,0
DA:8,0
DA:89,0
LF:3
LH:0
BRDA:5,0,0,0
BRF:1
BRH:0
end_of_record
TN:
SF:C:\Users\RedLefty\aa\Fyt\fytProject\native-base-theme\components\H1.js
FN:5,(anonymous_0)
FNF:1
FNH:0
FNDA:0,(anonymous_0)
DA:6,0
DA:12,0
LF:2
LH:0
BRDA:5,0,0,0
BRF:1
BRH:0
end_of_record
TN:
SF:C:\Users\RedLefty\aa\Fyt\fytProject\native-base-theme\components\H2.js
FN:5,(anonymous_0)
FNF:1
FNH:0
FNDA:0,(anonymous_0)
DA:6,0
DA:12,0
LF:2
LH:0
BRDA:5,0,0,0
BRF:1
BRH:0
end_of_record
TN:
SF:C:\Users\RedLefty\aa\Fyt\fytProject\native-base-theme\components\H3.js
FN:5,(anonymous_0)
FNF:1
FNH:0
FNDA:0,(anonymous_0)
DA:6,0
DA:12,0
LF:2
LH:0
BRDA:5,0,0,0
BRF:1
BRH:0
end_of_record
TN:
SF:C:\Users\RedLefty\aa\Fyt\fytProject\native-base-theme\components\Header.js
FN:7,(anonymous_0)
FNF:1
FNH:0
FNDA:0,(anonymous_0)
DA:8,0
DA:9,0
DA:11,0
DA:396,0
LF:4
LH:0
BRDA:7,0,0,0
BRDA:52,1,0,0
BRDA:52,1,1,0
BRDA:54,2,0,0
BRDA:54,2,1,0
BRDA:100,3,0,0
BRDA:100,3,1,0
BRDA:101,4,0,0
BRDA:101,4,1,0
BRDA:105,5,0,0
BRDA:105,5,1,0
BRDA:108,6,0,0
BRDA:108,6,1,0
BRDA:166,7,0,0
BRDA:166,7,1,0
BRDA:168,8,0,0
BRDA:168,8,1,0
BRDA:169,9,0,0
BRDA:169,9,1,0
BRDA:170,10,0,0
BRDA:170,10,1,0
BRDA:176,11,0,0
BRDA:176,11,1,0
BRDA:176,12,0,0
BRDA:176,12,1,0
BRDA:193,13,0,0
BRDA:193,13,1,0
BRDA:207,14,0,0
BRDA:207,14,1,0
BRDA:207,15,0,0
BRDA:207,15,1,0
BRDA:211,16,0,0
BRDA:211,16,1,0
BRDA:211,17,0,0
BRDA:211,17,1,0
BRDA:222,18,0,0
BRDA:222,18,1,0
BRDA:222,19,0,0
BRDA:222,19,1,0
BRDA:232,20,0,0
BRDA:232,20,1,0
BRDA:233,21,0,0
BRDA:233,21,1,0
BRDA:235,22,0,0
BRDA:235,22,1,0
BRDA:235,23,0,0
BRDA:235,23,1,0
BRDA:237,24,0,0
BRDA:237,24,1,0
BRDA:237,25,0,0
BRDA:237,25,1,0
BRDA:257,26,0,0
BRDA:257,26,1,0
BRDA:257,27,0,0
BRDA:257,27,1,0
BRDA:259,28,0,0
BRDA:259,28,1,0
BRDA:259,29,0,0
BRDA:259,29,1,0
BRDA:266,30,0,0
BRDA:266,30,1,0
BRDA:266,31,0,0
BRDA:266,31,1,0
BRDA:273,32,0,0
BRDA:273,32,1,0
BRDA:305,33,0,0
BRDA:305,33,1,0
BRDA:317,34,0,0
BRDA:317,34,1,0
BRDA:340,35,0,0
BRDA:340,35,1,0
BRDA:341,36,0,0
BRDA:341,36,1,0
BRDA:343,37,0,0
BRDA:343,37,1,0
BRDA:343,38,0,0
BRDA:343,38,1,0
BRDA:374,39,0,0
BRDA:374,39,1,0
BRDA:374,40,0,0
BRDA:374,40,1,0
BRDA:377,41,0,0
BRDA:377,41,1,0
BRDA:379,42,0,0
BRDA:379,42,1,0
BRDA:382,43,0,0
BRDA:382,43,1,0
BRDA:382,44,0,0
BRDA:382,44,1,0
BRDA:386,45,0,0
BRDA:386,45,1,0
BRDA:388,46,0,0
BRDA:388,46,1,0
BRDA:389,47,0,0
BRDA:389,47,1,0
BRDA:390,48,0,0
BRDA:390,48,1,0
BRF:97
BRH:0
end_of_record
TN:
SF:C:\Users\RedLefty\aa\Fyt\fytProject\native-base-theme\components\Icon.js
FN:5,(anonymous_0)
FNF:1
FNH:0
FNDA:0,(anonymous_0)
DA:6,0
DA:11,0
LF:2
LH:0
BRDA:5,0,0,0
BRF:1
BRH:0
end_of_record
TN:
SF:C:\Users\RedLefty\aa\Fyt\fytProject\native-base-theme\components\Input.js
FN:5,(anonymous_0)
FNF:1
FNH:0
FNDA:0,(anonymous_0)
DA:6,0
DA:18,0
LF:2
LH:0
BRDA:5,0,0,0
BRF:1
BRH:0
end_of_record
TN:
SF:C:\Users\RedLefty\aa\Fyt\fytProject\native-base-theme\components\InputGroup.js
FN:5,(anonymous_0)
FNF:1
FNH:0
FNDA:0,(anonymous_0)
DA:6,0
DA:131,0
LF:2
LH:0
BRDA:5,0,0,0
BRF:1
BRH:0
end_of_record
TN:
SF:C:\Users\RedLefty\aa\Fyt\fytProject\native-base-theme\components\Item.js
FN:7,(anonymous_0)
FNF:1
FNH:0
FNDA:0,(anonymous_0)
DA:8,0
DA:239,0
LF:2
LH:0
BRDA:7,0,0,0
BRDA:17,1,0,0
BRDA:17,1,1,0
BRDA:18,2,0,0
BRDA:18,2,1,0
BRDA:63,3,0,0
BRDA:63,3,1,0
BRDA:65,4,0,0
BRDA:65,4,1,0
BRDA:72,5,0,0
BRDA:72,5,1,0
BRDA:73,6,0,0
BRDA:73,6,1,0
BRDA:116,7,0,0
BRDA:116,7,1,0
BRF:15
BRH:0
end_of_record
TN:
SF:C:\Users\RedLefty\aa\Fyt\fytProject\native-base-theme\components\Label.js
FN:5,(anonymous_0)
FNF:1
FNH:0
FNDA:0,(anonymous_0)
DA:6,0
DA:13,0
LF:2
LH:0
BRDA:5,0,0,0
BRF:1
BRH:0
end_of_record
TN:
SF:C:\Users\RedLefty\aa\Fyt\fytProject\native-base-theme\components\Left.js
FN:5,(anonymous_0)
FNF:1
FNH:0
FNDA:0,(anonymous_0)
DA:6,0
DA:12,0
LF:2
LH:0
BRDA:5,0,0,0
BRF:1
BRH:0
end_of_record
TN:
SF:C:\Users\RedLefty\aa\Fyt\fytProject\native-base-theme\components\ListItem.js
FN:8,(anonymous_0)
FNF:1
FNH:0
FNDA:0,(anonymous_0)
DA:9,0
DA:10,0
DA:19,0
DA:443,0
LF:4
LH:0
BRDA:8,0,0,0
BRDA:41,1,0,0
BRDA:41,1,1,0
BRDA:60,2,0,0
BRDA:60,2,1,0
BRDA:71,3,0,0
BRDA:71,3,1,0
BRDA:73,4,0,0
BRDA:73,4,1,0
BRDA:74,5,0,0
BRDA:74,5,1,0
BRDA:75,6,0,0
BRDA:75,6,1,0
BRDA:94,7,0,0
BRDA:94,7,1,0
BRDA:99,8,0,0
BRDA:99,8,1,0
BRDA:101,9,0,0
BRDA:101,9,1,0
BRDA:106,10,0,0
BRDA:106,10,1,0
BRDA:395,11,0,0
BRDA:395,11,1,0
BRF:23
BRH:0
end_of_record
TN:
SF:C:\Users\RedLefty\aa\Fyt\fytProject\native-base-theme\components\Picker.ios.js
FN:5,(anonymous_0)
FNF:1
FNH:0
FNDA:0,(anonymous_0)
DA:6,0
DA:8,0
LF:2
LH:0
BRDA:5,0,0,0
BRF:1
BRH:0
end_of_record
TN:
SF:C:\Users\RedLefty\aa\Fyt\fytProject\native-base-theme\components\Radio.js
FN:7,(anonymous_0)
FNF:1
FNH:0
FNDA:0,(anonymous_0)
DA:8,0
DA:27,0
LF:2
LH:0
BRDA:7,0,0,0
BRDA:12,1,0,0
BRDA:12,1,1,0
BRDA:15,2,0,0
BRDA:15,2,1,0
BRDA:16,3,0,0
BRDA:16,3,1,0
BRDA:20,4,0,0
BRDA:20,4,1,0
BRDA:22,5,0,0
BRDA:22,5,1,0
BRDA:23,6,0,0
BRDA:23,6,1,0
BRF:13
BRH:0
end_of_record
TN:
SF:C:\Users\RedLefty\aa\Fyt\fytProject\native-base-theme\components\Right.js
FN:5,(anonymous_0)
FNF:1
FNH:0
FNDA:0,(anonymous_0)
DA:6,0
DA:15,0
LF:2
LH:0
BRDA:5,0,0,0
BRF:1
BRH:0
end_of_record
TN:
SF:C:\Users\RedLefty\aa\Fyt\fytProject\native-base-theme\components\Segment.js
FN:5,(anonymous_0)
FNF:1
FNH:0
FNDA:0,(anonymous_0)
DA:6,0
DA:8,0
DA:55,0
LF:3
LH:0
BRDA:5,0,0,0
BRDA:35,1,0,0
BRDA:35,1,1,0
BRDA:36,2,0,0
BRDA:36,2,1,0
BRDA:40,3,0,0
BRDA:40,3,1,0
BRDA:41,4,0,0
BRDA:41,4,1,0
BRF:9
BRH:0
end_of_record
TN:
SF:C:\Users\RedLefty\aa\Fyt\fytProject\native-base-theme\components\Separator.js
FN:5,(anonymous_0)
FNF:1
FNH:0
FNDA:0,(anonymous_0)
DA:6,0
DA:48,0
LF:2
LH:0
BRDA:5,0,0,0
BRF:1
BRH:0
end_of_record
TN:
SF:C:\Users\RedLefty\aa\Fyt\fytProject\native-base-theme\components\Spinner.js
FN:5,(anonymous_0)
FNF:1
FNH:0
FNDA:0,(anonymous_0)
DA:6,0
DA:10,0
LF:2
LH:0
BRDA:5,0,0,0
BRF:1
BRH:0
end_of_record
TN:
SF:C:\Users\RedLefty\aa\Fyt\fytProject\native-base-theme\components\Subtitle.js
FN:7,(anonymous_0)
FNF:1
FNH:0
FNDA:0,(anonymous_0)
DA:8,0
DA:17,0
LF:2
LH:0
BRDA:7,0,0,0
BRDA:13,1,0,0
BRDA:13,1,1,0
BRDA:14,2,0,0
BRDA:14,2,1,0
BRF:5
BRH:0
end_of_record
TN:
SF:C:\Users\RedLefty\aa\Fyt\fytProject\native-base-theme\components\SwipeRow.js
FN:5,(anonymous_0)
FNF:1
FNH:0
FNDA:0,(anonymous_0)
DA:6,0
DA:47,0
LF:2
LH:0
BRDA:5,0,0,0
BRF:1
BRH:0
end_of_record
TN:
SF:C:\Users\RedLefty\aa\Fyt\fytProject\native-base-theme\components\Switch.js
FN:5,(anonymous_0)
FNF:1
FNH:0
FNDA:0,(anonymous_0)
DA:6,0
DA:10,0
LF:2
LH:0
BRDA:5,0,0,0
BRF:1
BRH:0
end_of_record
TN:
SF:C:\Users\RedLefty\aa\Fyt\fytProject\native-base-theme\components\Tab.js
FN:5,(anonymous_0)
FNF:1
FNH:0
FNDA:0,(anonymous_0)
DA:6,0
DA:11,0
LF:2
LH:0
BRDA:5,0,0,0
BRF:1
BRH:0
end_of_record
TN:
SF:C:\Users\RedLefty\aa\Fyt\fytProject\native-base-theme\components\TabBar.js
FN:5,(anonymous_0)
FNF:1
FNH:0
FNDA:0,(anonymous_0)
DA:6,0
DA:56,0
LF:2
LH:0
BRDA:5,0,0,0
BRF:1
BRH:0
end_of_record
TN:
SF:C:\Users\RedLefty\aa\Fyt\fytProject\native-base-theme\components\TabContainer.js
FN:6,(anonymous_0)
FNF:1
FNH:0
FNDA:0,(anonymous_0)
DA:7,0
DA:8,0
DA:10,0
DA:24,0
LF:4
LH:0
BRDA:6,0,0,0
BRDA:14,1,0,0
BRDA:14,1,1,0
BRDA:16,2,0,0
BRDA:16,2,1,0
BRDA:17,3,0,0
BRDA:17,3,1,0
BRDA:18,4,0,0
BRDA:18,4,1,0
BRDA:20,5,0,0
BRDA:20,5,1,0
BRF:11
BRH:0
end_of_record
TN:
SF:C:\Users\RedLefty\aa\Fyt\fytProject\native-base-theme\components\TabHeading.js
FN:5,(anonymous_0)
FNF:1
FNH:0
FNDA:0,(anonymous_0)
DA:6,0
DA:8,0
DA:38,0
LF:3
LH:0
BRDA:5,0,0,0
BRDA:16,1,0,0
BRDA:16,1,1,0
BRDA:17,2,0,0
BRDA:17,2,1,0
BRDA:25,3,0,0
BRDA:25,3,1,0
BRF:7
BRH:0
end_of_record
TN:
SF:C:\Users\RedLefty\aa\Fyt\fytProject\native-base-theme\components\Text.js
FN:5,(anonymous_0)
FNF:1
FNH:0
FNDA:0,(anonymous_0)
DA:6,0
DA:16,0
LF:2
LH:0
BRDA:5,0,0,0
BRF:1
BRH:0
end_of_record
TN:
SF:C:\Users\RedLefty\aa\Fyt\fytProject\native-base-theme\components\Textarea.js
FN:5,(anonymous_0)
FNF:1
FNH:0
FNDA:0,(anonymous_0)
DA:6,0
DA:24,0
LF:2
LH:0
BRDA:5,0,0,0
BRF:1
BRH:0
end_of_record
TN:
SF:C:\Users\RedLefty\aa\Fyt\fytProject\native-base-theme\components\Thumbnail.js
FN:5,(anonymous_0)
FNF:1
FNH:0
FNDA:0,(anonymous_0)
DA:6,0
DA:41,0
LF:2
LH:0
BRDA:5,0,0,0
BRF:1
BRH:0
end_of_record
TN:
SF:C:\Users\RedLefty\aa\Fyt\fytProject\native-base-theme\components\Title.js
FN:7,(anonymous_0)
FNF:1
FNH:0
FNDA:0,(anonymous_0)
DA:8,0
DA:19,0
LF:2
LH:0
BRDA:7,0,0,0
BRDA:12,1,0,0
BRDA:12,1,1,0
BRDA:14,2,0,0
BRDA:14,2,1,0
BRDA:15,3,0,0
BRDA:15,3,1,0
BRF:7
BRH:0
end_of_record
TN:
SF:C:\Users\RedLefty\aa\Fyt\fytProject\native-base-theme\components\Toast.js
FN:5,(anonymous_0)
FNF:1
FNH:0
FNDA:0,(anonymous_0)
DA:6,0
DA:8,0
DA:39,0
LF:3
LH:0
BRDA:5,0,0,0
BRDA:19,1,0,0
BRDA:19,1,1,0
BRF:3
BRH:0
end_of_record
TN:
SF:C:\Users\RedLefty\aa\Fyt\fytProject\native-base-theme\components\View.js
FN:5,(anonymous_0)
FNF:1
FNH:0
FNDA:0,(anonymous_0)
DA:6,0
DA:12,0
LF:2
LH:0
BRDA:5,0,0,0
BRF:1
BRH:0
end_of_record
TN:
SF:C:\Users\RedLefty\aa\Fyt\fytProject\native-base-theme\components\index.js
FN:48,(anonymous_0)
FN:218,(anonymous_1)
FN:219,(anonymous_2)
FNF:3
FNH:0
FNDA:0,(anonymous_0)
FNDA:0,(anonymous_1)
FNDA:0,(anonymous_2)
DA:49,0
DA:218,0
DA:219,0
DA:222,0
DA:227,0
DA:228,0
DA:229,0
DA:231,0
DA:235,0
DA:241,0
DA:246,0
DA:248,0
LF:12
LH:0
BRDA:48,0,0,0
BRDA:222,1,0,0
BRDA:222,1,1,0
BRDA:223,2,0,0
BRDA:223,2,1,0
BRDA:223,2,2,0
BRDA:227,3,0,0
BRDA:227,3,1,0
BRDA:228,4,0,0
BRDA:228,4,1,0
BRDA:235,5,0,0
BRDA:235,5,1,0
BRDA:236,6,0,0
BRDA:236,6,1,0
BRDA:236,6,2,0
BRDA:236,6,3,0
BRF:16
BRH:0
end_of_record
TN:
SF:C:\Users\RedLefty\aa\Fyt\fytProject\native-base-theme\variables\platform.js
FNF:0
FNH:0
DA:11,1
DA:12,1
DA:13,1
DA:14,1
DA:16,1
DA:45,0
DA:48,0
DA:51,0
DA:54,0
DA:57,0
DA:60,0
DA:63,0
DA:66,0
DA:69,0
DA:72,0
DA:75,0
DA:78,0
DA:81,0
DA:84,0
DA:87,0
DA:90,0
DA:132,0
DA:135,0
DA:138,0
DA:166,0
DA:171,0
DA:188,0
DA:191,0
DA:220,0
DA:251,0
LF:30
LH:5
BRDA:16,0,0,1
BRDA:16,0,1,1
BRDA:16,0,2,1
BRDA:38,1,0,1
BRDA:38,1,1,0
BRDA:41,2,0,1
BRDA:41,2,1,0
BRDA:75,3,0,0
BRDA:75,3,1,0
BRDA:97,4,0,1
BRDA:97,4,1,0
BRDA:100,5,0,1
BRDA:100,5,1,0
BRDA:101,6,0,1
BRDA:101,6,1,0
BRDA:102,7,0,1
BRDA:102,7,1,0
BRDA:103,8,0,1
BRDA:103,8,1,0
BRDA:104,9,0,1
BRDA:104,9,1,0
BRDA:105,10,0,1
BRDA:105,10,1,0
BRDA:106,11,0,1
BRDA:106,11,1,0
BRDA:112,12,0,1
BRDA:112,12,1,0
BRDA:129,13,0,1
BRDA:129,13,1,0
BRDA:143,14,0,1
BRDA:143,14,1,0
BRDA:147,15,0,1
BRDA:147,15,1,0
BRDA:148,16,0,1
BRDA:148,16,1,0
BRDA:149,17,0,1
BRDA:149,17,1,0
BRDA:151,18,0,1
BRDA:151,18,1,0
BRDA:152,19,0,1
BRDA:152,19,1,0
BRDA:155,20,0,1
BRDA:155,20,1,0
BRDA:156,21,0,1
BRDA:156,21,1,0
BRDA:157,22,0,1
BRDA:157,22,1,0
BRDA:158,23,0,1
BRDA:158,23,1,0
BRDA:159,24,0,1
BRDA:159,24,1,0
BRDA:160,25,0,1
BRDA:160,25,1,0
BRDA:161,26,0,1
BRDA:161,26,1,0
BRDA:162,27,0,1
BRDA:162,27,1,0
BRDA:163,28,0,1
BRDA:163,28,1,0
BRDA:164,29,0,1
BRDA:164,29,1,0
BRDA:178,30,0,1
BRDA:178,30,1,0
BRDA:179,31,0,1
BRDA:179,31,1,0
BRDA:199,32,0,1
BRDA:199,32,1,0
BRDA:200,33,0,1
BRDA:200,33,1,0
BRDA:207,34,0,1
BRDA:207,34,1,0
BRDA:216,35,0,1
BRDA:216,35,1,0
BRDA:218,36,0,1
BRDA:218,36,1,0
BRDA:224,37,0,1
BRDA:224,37,1,0
BRDA:225,38,0,1
BRDA:225,38,1,0
BRDA:226,39,0,1
BRDA:226,39,1,0
BRDA:227,40,0,1
BRDA:227,40,1,0
BRDA:228,41,0,1
BRDA:228,41,1,0
BRDA:229,42,0,1
BRDA:229,42,1,0
BRDA:236,43,0,1
BRDA:236,43,1,0
BRDA:237,44,0,1
BRDA:237,44,1,0
BRDA:238,45,0,1
BRDA:238,45,1,0
BRDA:239,46,0,1
BRDA:239,46,1,0
BRDA:240,47,0,1
BRDA:240,47,1,0
BRDA:255,48,0,1
BRDA:255,48,1,0
BRDA:256,49,0,1
BRDA:256,49,1,0
BRDA:257,50,0,1
BRDA:257,50,1,0
BRDA:258,51,0,1
BRDA:258,51,1,0
BRDA:259,52,0,1
BRDA:259,52,1,0
BRDA:262,53,0,1
BRDA:262,53,1,0
BRF:109
BRH:55
end_of_record
TN:
SF:C:\Users\RedLefty\aa\Fyt\fytProject\reducers\ProfileReducer.js
FN:5,profileReducer
FNF:1
FNH:1
FNDA:3,profileReducer
DA:3,1
DA:6,3
DA:8,0
DA:13,0
DA:18,0
DA:23,0
DA:28,3
LF:7
LH:3
BRDA:5,0,0,3
BRDA:6,1,0,0
BRDA:6,1,1,0
BRDA:6,1,2,0
BRDA:6,1,3,0
BRDA:6,1,4,3
BRF:6
BRH:2
end_of_record
TN:
SF:C:\Users\RedLefty\aa\Fyt\fytProject\reducers\WorkoutReducer.js
FN:5,workoutReducer
FNF:1
FNH:1
FNDA:3,workoutReducer
DA:3,1
DA:6,3
DA:8,0
DA:19,0
DA:31,3
LF:5
LH:3
BRDA:5,0,0,3
BRDA:6,1,0,0
BRDA:6,1,1,0
BRDA:6,1,2,3
BRF:4
BRH:2
end_of_record
